<?xml version="1.0" encoding="UTF-8"?>
<robot generator="Robot 3.0.4 (PyPy 2.7.13 on win32)" generated="20180907 11:31:32.767">
<suite id="s1" name="ProcketDemo" source="C:\Projects\Rapid_DEMO\prezentacja\ProcketDemo.robot">
<kw name="Suite setup" type="setup">
<kw name="Procket Up" library="procketLib">
<doc>Procket powerup init function for Suite Setup</doc>
<status status="PASS" starttime="20180907 11:31:34.639" endtime="20180907 11:31:35.198"></status>
</kw>
<kw name="Python Version" library="procketLib">
<doc>Prints used Python version</doc>
<msg timestamp="20180907 11:31:35.199" level="INFO">testlog, python version is 2.7.13</msg>
<status status="PASS" starttime="20180907 11:31:35.198" endtime="20180907 11:31:35.199"></status>
</kw>
<status status="PASS" starttime="20180907 11:31:34.639" endtime="20180907 11:31:35.199"></status>
</kw>
<test id="s1-t1" name="Measure DAQ card AO">
<kw name="WHEN Voltage is set on AO0 with 3 V">
<kw name="Write Analog Io" library="procketLib">
<doc>Writing voltage value (By default 5V) to analog output port</doc>
<arguments>
<arg>${port}</arg>
<arg>${setpoint}</arg>
</arguments>
<msg timestamp="20180907 11:31:35.731" level="INFO">testlog, write analog io -function, Voltage level: 3.0</msg>
<status status="PASS" starttime="20180907 11:31:35.203" endtime="20180907 11:31:35.736"></status>
</kw>
<status status="PASS" starttime="20180907 11:31:35.202" endtime="20180907 11:31:35.737"></status>
</kw>
<kw name="AND Voltage is measured on AI1">
<kw name="Read Analog Io RSE" library="procketLib">
<doc>Reading analog input port, referenced single-ended (RSE)</doc>
<arguments>
<arg>${port}</arg>
<arg>${SAMPLES}</arg>
<arg>${RATE}</arg>
</arguments>
<assign>
<var>${suite_variable_readout}</var>
</assign>
<msg timestamp="20180907 11:31:35.747" level="INFO">temp: Dev2/AI1</msg>
<msg timestamp="20180907 11:31:35.886" level="INFO">Voltage level: 2.99987391272</msg>
<msg timestamp="20180907 11:31:35.886" level="INFO">Voltage level: 2.99955136728</msg>
<msg timestamp="20180907 11:31:35.889" level="INFO">Voltage level: 2.99987391272</msg>
<msg timestamp="20180907 11:31:35.889" level="INFO">Voltage level: 2.99955136728</msg>
<msg timestamp="20180907 11:31:35.890" level="INFO">Voltage level: 2.99987391272</msg>
<msg timestamp="20180907 11:31:35.891" level="INFO">Voltage level: 2.99987391272</msg>
<msg timestamp="20180907 11:31:35.893" level="INFO">Voltage level: 2.99922882183</msg>
<msg timestamp="20180907 11:31:35.893" level="INFO">Voltage level: 2.99955136728</msg>
<msg timestamp="20180907 11:31:35.894" level="INFO">Voltage level: 2.99955136728</msg>
<msg timestamp="20180907 11:31:35.894" level="INFO">Voltage level: 2.99922882183</msg>
<msg timestamp="20180907 11:31:35.895" level="INFO">Voltage level: 2.99955136728</msg>
<msg timestamp="20180907 11:31:35.895" level="INFO">Voltage level: 2.99987391272</msg>
<msg timestamp="20180907 11:31:35.896" level="INFO">Voltage level: 2.99922882183</msg>
<msg timestamp="20180907 11:31:35.896" level="INFO">Voltage level: 2.99955136728</msg>
<msg timestamp="20180907 11:31:35.897" level="INFO">Voltage level: 2.99922882183</msg>
<msg timestamp="20180907 11:31:35.897" level="INFO">Voltage level: 2.99955136728</msg>
<msg timestamp="20180907 11:31:35.898" level="INFO">Voltage level: 3.0005190036</msg>
<msg timestamp="20180907 11:31:35.898" level="INFO">Voltage level: 2.99987391272</msg>
<msg timestamp="20180907 11:31:35.899" level="INFO">Voltage level: 2.99890627639</msg>
<msg timestamp="20180907 11:31:35.899" level="INFO">Voltage level: 3.00019645816</msg>
<msg timestamp="20180907 11:31:35.900" level="INFO">Voltage level: 2.99987391272</msg>
<msg timestamp="20180907 11:31:35.900" level="INFO">Voltage level: 2.99922882183</msg>
<msg timestamp="20180907 11:31:35.901" level="INFO">Voltage level: 2.99987391272</msg>
<msg timestamp="20180907 11:31:35.901" level="INFO">Voltage level: 2.99922882183</msg>
<msg timestamp="20180907 11:31:35.902" level="INFO">Voltage level: 2.99955136728</msg>
<msg timestamp="20180907 11:31:35.902" level="INFO">Voltage level: 2.99922882183</msg>
<msg timestamp="20180907 11:31:35.903" level="INFO">Voltage level: 2.99955136728</msg>
<msg timestamp="20180907 11:31:35.903" level="INFO">Voltage level: 2.99955136728</msg>
<msg timestamp="20180907 11:31:35.904" level="INFO">Voltage level: 2.99922882183</msg>
<msg timestamp="20180907 11:31:35.904" level="INFO">Voltage level: 2.99955136728</msg>
<msg timestamp="20180907 11:31:35.905" level="INFO">Voltage level: 3.0005190036</msg>
<msg timestamp="20180907 11:31:35.905" level="INFO">Voltage level: 2.99955136728</msg>
<msg timestamp="20180907 11:31:35.906" level="INFO">Voltage level: 2.99987391272</msg>
<msg timestamp="20180907 11:31:35.906" level="INFO">Voltage level: 2.99987391272</msg>
<msg timestamp="20180907 11:31:35.907" level="INFO">Voltage level: 2.99858373095</msg>
<msg timestamp="20180907 11:31:35.907" level="INFO">Voltage level: 2.99955136728</msg>
<msg timestamp="20180907 11:31:35.908" level="INFO">Voltage level: 3.0005190036</msg>
<msg timestamp="20180907 11:31:35.908" level="INFO">Voltage level: 3.00019645816</msg>
<msg timestamp="20180907 11:31:35.908" level="INFO">Voltage level: 2.99922882183</msg>
<msg timestamp="20180907 11:31:35.908" level="INFO">Voltage level: 2.99922882183</msg>
<msg timestamp="20180907 11:31:35.909" level="INFO">Voltage level: 2.99955136728</msg>
<msg timestamp="20180907 11:31:35.909" level="INFO">Voltage level: 2.99890627639</msg>
<msg timestamp="20180907 11:31:35.911" level="INFO">Voltage level: 2.99955136728</msg>
<msg timestamp="20180907 11:31:35.911" level="INFO">Voltage level: 2.99922882183</msg>
<msg timestamp="20180907 11:31:35.911" level="INFO">Voltage level: 2.99955136728</msg>
<msg timestamp="20180907 11:31:35.912" level="INFO">Voltage level: 2.99922882183</msg>
<msg timestamp="20180907 11:31:35.914" level="INFO">Voltage level: 2.99890627639</msg>
<msg timestamp="20180907 11:31:35.914" level="INFO">Voltage level: 3.00019645816</msg>
<msg timestamp="20180907 11:31:35.915" level="INFO">Voltage level: 2.99955136728</msg>
<msg timestamp="20180907 11:31:35.915" level="INFO">Voltage level: 2.99955136728</msg>
<msg timestamp="20180907 11:31:35.915" level="INFO">Voltage level: 2.99987391272</msg>
<msg timestamp="20180907 11:31:35.916" level="INFO">Voltage level: 2.99987391272</msg>
<msg timestamp="20180907 11:31:35.916" level="INFO">Voltage level: 2.99987391272</msg>
<msg timestamp="20180907 11:31:35.917" level="INFO">Voltage level: 2.99922882183</msg>
<msg timestamp="20180907 11:31:35.917" level="INFO">Voltage level: 3.00019645816</msg>
<msg timestamp="20180907 11:31:35.917" level="INFO">Voltage level: 2.99987391272</msg>
<msg timestamp="20180907 11:31:35.918" level="INFO">Voltage level: 2.99922882183</msg>
<msg timestamp="20180907 11:31:35.918" level="INFO">Voltage level: 3.0005190036</msg>
<msg timestamp="20180907 11:31:35.919" level="INFO">Voltage level: 2.99922882183</msg>
<msg timestamp="20180907 11:31:35.919" level="INFO">Voltage level: 2.99922882183</msg>
<msg timestamp="20180907 11:31:35.919" level="INFO">Voltage level: 3.0005190036</msg>
<msg timestamp="20180907 11:31:35.920" level="INFO">Voltage level: 2.99922882183</msg>
<msg timestamp="20180907 11:31:35.920" level="INFO">Voltage level: 2.99922882183</msg>
<msg timestamp="20180907 11:31:35.920" level="INFO">Voltage level: 3.00019645816</msg>
<msg timestamp="20180907 11:31:35.921" level="INFO">Voltage level: 2.99987391272</msg>
<msg timestamp="20180907 11:31:35.921" level="INFO">Voltage level: 2.99922882183</msg>
<msg timestamp="20180907 11:31:35.921" level="INFO">Voltage level: 2.99955136728</msg>
<msg timestamp="20180907 11:31:35.922" level="INFO">Voltage level: 2.99890627639</msg>
<msg timestamp="20180907 11:31:35.922" level="INFO">Voltage level: 3.00019645816</msg>
<msg timestamp="20180907 11:31:35.922" level="INFO">Voltage level: 2.99955136728</msg>
<msg timestamp="20180907 11:31:35.923" level="INFO">Voltage level: 2.99890627639</msg>
<msg timestamp="20180907 11:31:35.923" level="INFO">Voltage level: 2.99955136728</msg>
<msg timestamp="20180907 11:31:35.924" level="INFO">Voltage level: 2.99955136728</msg>
<msg timestamp="20180907 11:31:35.924" level="INFO">Voltage level: 2.99922882183</msg>
<msg timestamp="20180907 11:31:35.925" level="INFO">Voltage level: 2.99922882183</msg>
<msg timestamp="20180907 11:31:35.925" level="INFO">Voltage level: 2.99987391272</msg>
<msg timestamp="20180907 11:31:35.925" level="INFO">Voltage level: 3.0005190036</msg>
<msg timestamp="20180907 11:31:35.926" level="INFO">Voltage level: 3.00084154904</msg>
<msg timestamp="20180907 11:31:35.926" level="INFO">Voltage level: 2.99987391272</msg>
<msg timestamp="20180907 11:31:35.926" level="INFO">Voltage level: 2.99922882183</msg>
<msg timestamp="20180907 11:31:35.927" level="INFO">Voltage level: 2.99955136728</msg>
<msg timestamp="20180907 11:31:35.927" level="INFO">Voltage level: 2.99922882183</msg>
<msg timestamp="20180907 11:31:35.927" level="INFO">Voltage level: 2.99922882183</msg>
<msg timestamp="20180907 11:31:35.928" level="INFO">Voltage level: 2.99922882183</msg>
<msg timestamp="20180907 11:31:35.928" level="INFO">Voltage level: 2.99922882183</msg>
<msg timestamp="20180907 11:31:35.928" level="INFO">Voltage level: 3.0005190036</msg>
<msg timestamp="20180907 11:31:35.929" level="INFO">Voltage level: 2.99955136728</msg>
<msg timestamp="20180907 11:31:35.929" level="INFO">Voltage level: 2.99955136728</msg>
<msg timestamp="20180907 11:31:35.929" level="INFO">Voltage level: 3.00019645816</msg>
<msg timestamp="20180907 11:31:35.930" level="INFO">Voltage level: 2.99922882183</msg>
<msg timestamp="20180907 11:31:35.930" level="INFO">Voltage level: 2.99987391272</msg>
<msg timestamp="20180907 11:31:35.930" level="INFO">Voltage level: 3.00019645816</msg>
<msg timestamp="20180907 11:31:35.931" level="INFO">Voltage level: 2.99955136728</msg>
<msg timestamp="20180907 11:31:35.931" level="INFO">Voltage level: 2.99955136728</msg>
<msg timestamp="20180907 11:31:35.932" level="INFO">Voltage level: 3.00019645816</msg>
<msg timestamp="20180907 11:31:35.932" level="INFO">Voltage level: 3.00019645816</msg>
<msg timestamp="20180907 11:31:35.932" level="INFO">Voltage level: 3.00019645816</msg>
<msg timestamp="20180907 11:31:35.932" level="INFO">Voltage level: 2.99987391272</msg>
<msg timestamp="20180907 11:31:35.933" level="INFO">Voltage level: 2.99955136728</msg>
<msg timestamp="20180907 11:31:35.933" level="INFO">Voltage level: 2.99955136728</msg>
<msg timestamp="20180907 11:31:35.933" level="INFO">Voltage level: 2.99922882183</msg>
<msg timestamp="20180907 11:31:35.934" level="INFO">Voltage level: 2.99955136728</msg>
<msg timestamp="20180907 11:31:35.934" level="INFO">Voltage level: 2.99955136728</msg>
<msg timestamp="20180907 11:31:35.934" level="INFO">Voltage level: 2.99922882183</msg>
<msg timestamp="20180907 11:31:35.935" level="INFO">Voltage level: 2.99890627639</msg>
<msg timestamp="20180907 11:31:35.935" level="INFO">Voltage level: 2.99987391272</msg>
<msg timestamp="20180907 11:31:35.935" level="INFO">Voltage level: 3.00019645816</msg>
<msg timestamp="20180907 11:31:35.936" level="INFO">Voltage level: 2.99955136728</msg>
<msg timestamp="20180907 11:31:35.936" level="INFO">Voltage level: 2.99987391272</msg>
<msg timestamp="20180907 11:31:35.936" level="INFO">Voltage level: 2.99890627639</msg>
<msg timestamp="20180907 11:31:35.936" level="INFO">Voltage level: 2.99987391272</msg>
<msg timestamp="20180907 11:31:35.937" level="INFO">Voltage level: 2.99890627639</msg>
<msg timestamp="20180907 11:31:35.937" level="INFO">Voltage level: 2.99890627639</msg>
<msg timestamp="20180907 11:31:35.937" level="INFO">Voltage level: 2.99955136728</msg>
<msg timestamp="20180907 11:31:35.937" level="INFO">Voltage level: 2.99890627639</msg>
<msg timestamp="20180907 11:31:35.937" level="INFO">Voltage level: 2.99890627639</msg>
<msg timestamp="20180907 11:31:35.938" level="INFO">Voltage level: 2.99955136728</msg>
<msg timestamp="20180907 11:31:35.938" level="INFO">Voltage level: 2.99955136728</msg>
<msg timestamp="20180907 11:31:35.938" level="INFO">Voltage level: 2.99987391272</msg>
<msg timestamp="20180907 11:31:35.938" level="INFO">Voltage level: 3.00116409449</msg>
<msg timestamp="20180907 11:31:35.938" level="INFO">Voltage level: 2.99955136728</msg>
<msg timestamp="20180907 11:31:35.939" level="INFO">Voltage level: 2.99890627639</msg>
<msg timestamp="20180907 11:31:35.939" level="INFO">Voltage level: 2.99987391272</msg>
<msg timestamp="20180907 11:31:35.939" level="INFO">Voltage level: 2.99890627639</msg>
<msg timestamp="20180907 11:31:35.939" level="INFO">Voltage level: 2.99922882183</msg>
<msg timestamp="20180907 11:31:35.940" level="INFO">Voltage level: 2.99922882183</msg>
<msg timestamp="20180907 11:31:35.940" level="INFO">Voltage level: 2.99955136728</msg>
<msg timestamp="20180907 11:31:35.940" level="INFO">Voltage level: 2.99890627639</msg>
<msg timestamp="20180907 11:31:35.940" level="INFO">Voltage level: 2.99987391272</msg>
<msg timestamp="20180907 11:31:35.940" level="INFO">Voltage level: 2.99922882183</msg>
<msg timestamp="20180907 11:31:35.941" level="INFO">Voltage level: 2.99987391272</msg>
<msg timestamp="20180907 11:31:35.941" level="INFO">Voltage level: 2.99922882183</msg>
<msg timestamp="20180907 11:31:35.941" level="INFO">Voltage level: 2.99890627639</msg>
<msg timestamp="20180907 11:31:35.941" level="INFO">Voltage level: 2.99987391272</msg>
<msg timestamp="20180907 11:31:35.941" level="INFO">Voltage level: 2.99858373095</msg>
<msg timestamp="20180907 11:31:35.941" level="INFO">Voltage level: 2.99922882183</msg>
<msg timestamp="20180907 11:31:35.942" level="INFO">Voltage level: 2.99922882183</msg>
<msg timestamp="20180907 11:31:35.942" level="INFO">Voltage level: 2.99955136728</msg>
<msg timestamp="20180907 11:31:35.942" level="INFO">Voltage level: 2.99922882183</msg>
<msg timestamp="20180907 11:31:35.942" level="INFO">Voltage level: 2.99955136728</msg>
<msg timestamp="20180907 11:31:35.942" level="INFO">Voltage level: 2.99987391272</msg>
<msg timestamp="20180907 11:31:35.943" level="INFO">Voltage level: 2.99922882183</msg>
<msg timestamp="20180907 11:31:35.943" level="INFO">Voltage level: 2.99955136728</msg>
<msg timestamp="20180907 11:31:35.944" level="INFO">Voltage level: 2.99955136728</msg>
<msg timestamp="20180907 11:31:35.944" level="INFO">Voltage level: 2.99922882183</msg>
<msg timestamp="20180907 11:31:35.944" level="INFO">Voltage level: 2.99955136728</msg>
<msg timestamp="20180907 11:31:35.945" level="INFO">Voltage level: 3.00019645816</msg>
<msg timestamp="20180907 11:31:35.945" level="INFO">Voltage level: 2.99955136728</msg>
<msg timestamp="20180907 11:31:35.945" level="INFO">Voltage level: 2.99955136728</msg>
<msg timestamp="20180907 11:31:35.945" level="INFO">Voltage level: 2.99955136728</msg>
<msg timestamp="20180907 11:31:35.945" level="INFO">Voltage level: 3.0005190036</msg>
<msg timestamp="20180907 11:31:35.945" level="INFO">Voltage level: 2.99922882183</msg>
<msg timestamp="20180907 11:31:35.946" level="INFO">Voltage level: 2.99955136728</msg>
<msg timestamp="20180907 11:31:35.946" level="INFO">Voltage level: 2.99955136728</msg>
<msg timestamp="20180907 11:31:35.946" level="INFO">Voltage level: 2.99955136728</msg>
<msg timestamp="20180907 11:31:35.946" level="INFO">Voltage level: 3.00019645816</msg>
<msg timestamp="20180907 11:31:35.946" level="INFO">Voltage level: 2.99922882183</msg>
<msg timestamp="20180907 11:31:35.946" level="INFO">Voltage level: 2.99922882183</msg>
<msg timestamp="20180907 11:31:35.947" level="INFO">Voltage level: 2.99987391272</msg>
<msg timestamp="20180907 11:31:35.947" level="INFO">Voltage level: 3.0005190036</msg>
<msg timestamp="20180907 11:31:35.947" level="INFO">Voltage level: 2.99922882183</msg>
<msg timestamp="20180907 11:31:35.947" level="INFO">Voltage level: 3.0005190036</msg>
<msg timestamp="20180907 11:31:35.947" level="INFO">Voltage level: 3.00019645816</msg>
<msg timestamp="20180907 11:31:35.948" level="INFO">Voltage level: 2.99955136728</msg>
<msg timestamp="20180907 11:31:35.949" level="INFO">Voltage level: 2.99987391272</msg>
<msg timestamp="20180907 11:31:35.949" level="INFO">Voltage level: 2.99955136728</msg>
<msg timestamp="20180907 11:31:35.949" level="INFO">Voltage level: 2.99890627639</msg>
<msg timestamp="20180907 11:31:35.949" level="INFO">Voltage level: 2.99955136728</msg>
<msg timestamp="20180907 11:31:35.950" level="INFO">Voltage level: 2.99987391272</msg>
<msg timestamp="20180907 11:31:35.950" level="INFO">Voltage level: 2.99955136728</msg>
<msg timestamp="20180907 11:31:35.950" level="INFO">Voltage level: 3.0005190036</msg>
<msg timestamp="20180907 11:31:35.950" level="INFO">Voltage level: 3.00019645816</msg>
<msg timestamp="20180907 11:31:35.950" level="INFO">Voltage level: 2.99955136728</msg>
<msg timestamp="20180907 11:31:35.950" level="INFO">Voltage level: 3.00019645816</msg>
<msg timestamp="20180907 11:31:35.950" level="INFO">Voltage level: 2.99987391272</msg>
<msg timestamp="20180907 11:31:35.951" level="INFO">Voltage level: 2.99955136728</msg>
<msg timestamp="20180907 11:31:35.951" level="INFO">Voltage level: 2.99987391272</msg>
<msg timestamp="20180907 11:31:35.951" level="INFO">Voltage level: 2.99955136728</msg>
<msg timestamp="20180907 11:31:35.951" level="INFO">Voltage level: 2.99890627639</msg>
<msg timestamp="20180907 11:31:35.951" level="INFO">Voltage level: 3.00019645816</msg>
<msg timestamp="20180907 11:31:35.951" level="INFO">Voltage level: 2.99922882183</msg>
<msg timestamp="20180907 11:31:35.952" level="INFO">Voltage level: 2.99955136728</msg>
<msg timestamp="20180907 11:31:35.952" level="INFO">Voltage level: 2.99987391272</msg>
<msg timestamp="20180907 11:31:35.952" level="INFO">Voltage level: 2.99987391272</msg>
<msg timestamp="20180907 11:31:35.952" level="INFO">Voltage level: 2.99987391272</msg>
<msg timestamp="20180907 11:31:35.952" level="INFO">Voltage level: 2.99955136728</msg>
<msg timestamp="20180907 11:31:35.952" level="INFO">Voltage level: 2.99922882183</msg>
<msg timestamp="20180907 11:31:35.952" level="INFO">Voltage level: 3.00084154904</msg>
<msg timestamp="20180907 11:31:35.953" level="INFO">Voltage level: 2.99987391272</msg>
<msg timestamp="20180907 11:31:35.953" level="INFO">Voltage level: 2.99922882183</msg>
<msg timestamp="20180907 11:31:35.953" level="INFO">Voltage level: 2.99987391272</msg>
<msg timestamp="20180907 11:31:35.953" level="INFO">Voltage level: 2.99890627639</msg>
<msg timestamp="20180907 11:31:35.953" level="INFO">Voltage level: 2.99890627639</msg>
<msg timestamp="20180907 11:31:35.954" level="INFO">Voltage level: 2.99987391272</msg>
<msg timestamp="20180907 11:31:35.954" level="INFO">Voltage level: 2.99922882183</msg>
<msg timestamp="20180907 11:31:35.954" level="INFO">Voltage level: 2.99955136728</msg>
<msg timestamp="20180907 11:31:35.954" level="INFO">Voltage level: 3.0005190036</msg>
<msg timestamp="20180907 11:31:35.954" level="INFO">Voltage level: 2.99987391272</msg>
<msg timestamp="20180907 11:31:35.954" level="INFO">Voltage level: 2.99890627639</msg>
<msg timestamp="20180907 11:31:35.954" level="INFO">Voltage level: 2.99922882183</msg>
<msg timestamp="20180907 11:31:35.955" level="INFO">Voltage level: 2.99955136728</msg>
<msg timestamp="20180907 11:31:35.955" level="INFO">Voltage level: 2.99922882183</msg>
<msg timestamp="20180907 11:31:35.955" level="INFO">Voltage level: 3.00019645816</msg>
<msg timestamp="20180907 11:31:35.955" level="INFO">Voltage level: 2.99890627639</msg>
<msg timestamp="20180907 11:31:35.955" level="INFO">Voltage level: 2.99890627639</msg>
<msg timestamp="20180907 11:31:35.955" level="INFO">Voltage level: 2.99890627639</msg>
<msg timestamp="20180907 11:31:35.956" level="INFO">Voltage level: 2.99955136728</msg>
<msg timestamp="20180907 11:31:35.956" level="INFO">Voltage level: 3.00019645816</msg>
<msg timestamp="20180907 11:31:35.956" level="INFO">Voltage level: 2.99987391272</msg>
<msg timestamp="20180907 11:31:35.956" level="INFO">Voltage level: 2.99922882183</msg>
<msg timestamp="20180907 11:31:35.956" level="INFO">Voltage level: 3.00019645816</msg>
<msg timestamp="20180907 11:31:35.957" level="INFO">Voltage level: 2.99955136728</msg>
<msg timestamp="20180907 11:31:35.957" level="INFO">Voltage level: 2.99922882183</msg>
<msg timestamp="20180907 11:31:35.957" level="INFO">Voltage level: 2.99890627639</msg>
<msg timestamp="20180907 11:31:35.957" level="INFO">Voltage level: 3.0005190036</msg>
<msg timestamp="20180907 11:31:35.958" level="INFO">Voltage level: 2.99890627639</msg>
<msg timestamp="20180907 11:31:35.958" level="INFO">Voltage level: 2.99987391272</msg>
<msg timestamp="20180907 11:31:35.958" level="INFO">Voltage level: 3.00019645816</msg>
<msg timestamp="20180907 11:31:35.958" level="INFO">Voltage level: 2.99922882183</msg>
<msg timestamp="20180907 11:31:35.958" level="INFO">Voltage level: 2.99955136728</msg>
<msg timestamp="20180907 11:31:35.958" level="INFO">Voltage level: 3.00019645816</msg>
<msg timestamp="20180907 11:31:35.958" level="INFO">Voltage level: 2.99987391272</msg>
<msg timestamp="20180907 11:31:35.959" level="INFO">Voltage level: 2.99922882183</msg>
<msg timestamp="20180907 11:31:35.959" level="INFO">Voltage level: 3.0005190036</msg>
<msg timestamp="20180907 11:31:35.959" level="INFO">Voltage level: 2.99987391272</msg>
<msg timestamp="20180907 11:31:35.959" level="INFO">Voltage level: 2.99955136728</msg>
<msg timestamp="20180907 11:31:35.959" level="INFO">Voltage level: 3.00084154904</msg>
<msg timestamp="20180907 11:31:35.959" level="INFO">Voltage level: 2.99922882183</msg>
<msg timestamp="20180907 11:31:35.960" level="INFO">Voltage level: 2.99858373095</msg>
<msg timestamp="20180907 11:31:35.960" level="INFO">Voltage level: 2.99987391272</msg>
<msg timestamp="20180907 11:31:35.960" level="INFO">Voltage level: 2.99890627639</msg>
<msg timestamp="20180907 11:31:35.960" level="INFO">Voltage level: 2.99955136728</msg>
<msg timestamp="20180907 11:31:35.960" level="INFO">Voltage level: 2.99890627639</msg>
<msg timestamp="20180907 11:31:35.960" level="INFO">Voltage level: 2.99922882183</msg>
<msg timestamp="20180907 11:31:35.961" level="INFO">Voltage level: 2.99955136728</msg>
<msg timestamp="20180907 11:31:35.961" level="INFO">Voltage level: 2.99987391272</msg>
<msg timestamp="20180907 11:31:35.961" level="INFO">Voltage level: 2.99922882183</msg>
<msg timestamp="20180907 11:31:35.961" level="INFO">Voltage level: 2.99955136728</msg>
<msg timestamp="20180907 11:31:35.961" level="INFO">Voltage level: 3.0005190036</msg>
<msg timestamp="20180907 11:31:35.961" level="INFO">Voltage level: 2.99987391272</msg>
<msg timestamp="20180907 11:31:35.962" level="INFO">Voltage level: 3.00019645816</msg>
<msg timestamp="20180907 11:31:35.962" level="INFO">Voltage level: 2.99987391272</msg>
<msg timestamp="20180907 11:31:35.962" level="INFO">Voltage level: 2.99955136728</msg>
<msg timestamp="20180907 11:31:35.962" level="INFO">Voltage level: 2.99955136728</msg>
<msg timestamp="20180907 11:31:35.962" level="INFO">Voltage level: 3.00019645816</msg>
<msg timestamp="20180907 11:31:35.962" level="INFO">Voltage level: 2.99955136728</msg>
<msg timestamp="20180907 11:31:35.962" level="INFO">Voltage level: 3.00019645816</msg>
<msg timestamp="20180907 11:31:35.963" level="INFO">Voltage level: 3.00019645816</msg>
<msg timestamp="20180907 11:31:35.963" level="INFO">Voltage level: 2.99922882183</msg>
<msg timestamp="20180907 11:31:35.963" level="INFO">Voltage level: 2.99890627639</msg>
<msg timestamp="20180907 11:31:35.963" level="INFO">Voltage level: 3.00019645816</msg>
<msg timestamp="20180907 11:31:35.964" level="INFO">Voltage level: 2.99922882183</msg>
<msg timestamp="20180907 11:31:35.964" level="INFO">Voltage level: 2.99987391272</msg>
<msg timestamp="20180907 11:31:35.964" level="INFO">Voltage level: 2.99987391272</msg>
<msg timestamp="20180907 11:31:35.964" level="INFO">Voltage level: 2.99955136728</msg>
<msg timestamp="20180907 11:31:35.964" level="INFO">Voltage level: 2.99955136728</msg>
<msg timestamp="20180907 11:31:35.964" level="INFO">Voltage level: 3.0005190036</msg>
<msg timestamp="20180907 11:31:35.965" level="INFO">Voltage level: 2.99890627639</msg>
<msg timestamp="20180907 11:31:35.965" level="INFO">Voltage level: 2.99955136728</msg>
<msg timestamp="20180907 11:31:35.965" level="INFO">Voltage level: 2.99922882183</msg>
<msg timestamp="20180907 11:31:35.965" level="INFO">Voltage level: 2.99922882183</msg>
<msg timestamp="20180907 11:31:35.965" level="INFO">Voltage level: 2.99955136728</msg>
<msg timestamp="20180907 11:31:35.965" level="INFO">Voltage level: 2.99987391272</msg>
<msg timestamp="20180907 11:31:35.965" level="INFO">Voltage level: 3.00019645816</msg>
<msg timestamp="20180907 11:31:35.966" level="INFO">Voltage level: 2.99987391272</msg>
<msg timestamp="20180907 11:31:35.966" level="INFO">Voltage level: 3.00084154904</msg>
<msg timestamp="20180907 11:31:35.966" level="INFO">Voltage level: 2.99922882183</msg>
<msg timestamp="20180907 11:31:35.966" level="INFO">Voltage level: 2.99955136728</msg>
<msg timestamp="20180907 11:31:35.966" level="INFO">Voltage level: 2.99922882183</msg>
<msg timestamp="20180907 11:31:35.966" level="INFO">Voltage level: 3.00019645816</msg>
<msg timestamp="20180907 11:31:35.966" level="INFO">Voltage level: 3.00019645816</msg>
<msg timestamp="20180907 11:31:35.967" level="INFO">Voltage level: 2.99858373095</msg>
<msg timestamp="20180907 11:31:35.967" level="INFO">Voltage level: 2.99955136728</msg>
<msg timestamp="20180907 11:31:35.967" level="INFO">Voltage level: 2.99955136728</msg>
<msg timestamp="20180907 11:31:35.967" level="INFO">Voltage level: 2.99922882183</msg>
<msg timestamp="20180907 11:31:35.967" level="INFO">Voltage level: 3.00019645816</msg>
<msg timestamp="20180907 11:31:35.967" level="INFO">Voltage level: 3.00019645816</msg>
<msg timestamp="20180907 11:31:35.968" level="INFO">Voltage level: 2.99955136728</msg>
<msg timestamp="20180907 11:31:35.968" level="INFO">Voltage level: 2.99987391272</msg>
<msg timestamp="20180907 11:31:35.968" level="INFO">Voltage level: 2.99955136728</msg>
<msg timestamp="20180907 11:31:35.968" level="INFO">Voltage level: 2.99858373095</msg>
<msg timestamp="20180907 11:31:35.970" level="INFO">Voltage level: 2.99955136728</msg>
<msg timestamp="20180907 11:31:35.971" level="INFO">Voltage level: 2.99955136728</msg>
<msg timestamp="20180907 11:31:35.971" level="INFO">Voltage level: 2.99955136728</msg>
<msg timestamp="20180907 11:31:35.971" level="INFO">Voltage level: 2.99987391272</msg>
<msg timestamp="20180907 11:31:35.971" level="INFO">Voltage level: 2.99987391272</msg>
<msg timestamp="20180907 11:31:35.971" level="INFO">Voltage level: 2.99955136728</msg>
<msg timestamp="20180907 11:31:35.971" level="INFO">Voltage level: 2.99955136728</msg>
<msg timestamp="20180907 11:31:35.971" level="INFO">Voltage level: 2.99955136728</msg>
<msg timestamp="20180907 11:31:35.972" level="INFO">Voltage level: 2.99955136728</msg>
<msg timestamp="20180907 11:31:35.972" level="INFO">Voltage level: 2.99955136728</msg>
<msg timestamp="20180907 11:31:35.972" level="INFO">Voltage level: 2.99987391272</msg>
<msg timestamp="20180907 11:31:35.972" level="INFO">Voltage level: 3.0005190036</msg>
<msg timestamp="20180907 11:31:35.972" level="INFO">Voltage level: 2.99987391272</msg>
<msg timestamp="20180907 11:31:35.972" level="INFO">Voltage level: 2.99922882183</msg>
<msg timestamp="20180907 11:31:35.973" level="INFO">Voltage level: 2.99987391272</msg>
<msg timestamp="20180907 11:31:35.973" level="INFO">Voltage level: 3.00019645816</msg>
<msg timestamp="20180907 11:31:35.973" level="INFO">Voltage level: 2.99987391272</msg>
<msg timestamp="20180907 11:31:35.973" level="INFO">Voltage level: 2.99987391272</msg>
<msg timestamp="20180907 11:31:35.973" level="INFO">Voltage level: 2.99922882183</msg>
<msg timestamp="20180907 11:31:35.973" level="INFO">Voltage level: 3.00019645816</msg>
<msg timestamp="20180907 11:31:35.974" level="INFO">Voltage level: 2.99955136728</msg>
<msg timestamp="20180907 11:31:35.974" level="INFO">Voltage level: 2.99922882183</msg>
<msg timestamp="20180907 11:31:35.974" level="INFO">Voltage level: 2.99987391272</msg>
<msg timestamp="20180907 11:31:35.974" level="INFO">Voltage level: 2.99987391272</msg>
<msg timestamp="20180907 11:31:35.974" level="INFO">Voltage level: 2.99890627639</msg>
<msg timestamp="20180907 11:31:35.975" level="INFO">Voltage level: 2.99955136728</msg>
<msg timestamp="20180907 11:31:35.975" level="INFO">Voltage level: 3.0005190036</msg>
<msg timestamp="20180907 11:31:35.975" level="INFO">Voltage level: 2.99922882183</msg>
<msg timestamp="20180907 11:31:35.975" level="INFO">Voltage level: 2.99922882183</msg>
<msg timestamp="20180907 11:31:35.975" level="INFO">Voltage level: 3.00019645816</msg>
<msg timestamp="20180907 11:31:35.975" level="INFO">Voltage level: 2.99922882183</msg>
<msg timestamp="20180907 11:31:35.975" level="INFO">Voltage level: 2.99955136728</msg>
<msg timestamp="20180907 11:31:35.976" level="INFO">Voltage level: 2.99955136728</msg>
<msg timestamp="20180907 11:31:35.976" level="INFO">Voltage level: 2.99987391272</msg>
<msg timestamp="20180907 11:31:35.976" level="INFO">Voltage level: 2.99987391272</msg>
<msg timestamp="20180907 11:31:35.976" level="INFO">Voltage level: 3.00019645816</msg>
<msg timestamp="20180907 11:31:35.976" level="INFO">Voltage level: 2.99890627639</msg>
<msg timestamp="20180907 11:31:35.976" level="INFO">Voltage level: 2.99922882183</msg>
<msg timestamp="20180907 11:31:35.976" level="INFO">Voltage level: 2.99955136728</msg>
<msg timestamp="20180907 11:31:35.977" level="INFO">Voltage level: 2.99922882183</msg>
<msg timestamp="20180907 11:31:35.977" level="INFO">Voltage level: 2.99987391272</msg>
<msg timestamp="20180907 11:31:35.977" level="INFO">Voltage level: 2.99987391272</msg>
<msg timestamp="20180907 11:31:35.977" level="INFO">Voltage level: 2.99955136728</msg>
<msg timestamp="20180907 11:31:35.977" level="INFO">Voltage level: 2.99987391272</msg>
<msg timestamp="20180907 11:31:35.981" level="INFO">Voltage level: 2.99955136728</msg>
<msg timestamp="20180907 11:31:35.982" level="INFO">Voltage level: 2.99955136728</msg>
<msg timestamp="20180907 11:31:35.982" level="INFO">Voltage level: 2.99955136728</msg>
<msg timestamp="20180907 11:31:35.982" level="INFO">Voltage level: 2.99955136728</msg>
<msg timestamp="20180907 11:31:35.982" level="INFO">Voltage level: 2.99987391272</msg>
<msg timestamp="20180907 11:31:35.982" level="INFO">Voltage level: 2.99922882183</msg>
<msg timestamp="20180907 11:31:35.982" level="INFO">Voltage level: 2.99955136728</msg>
<msg timestamp="20180907 11:31:35.983" level="INFO">Voltage level: 2.99922882183</msg>
<msg timestamp="20180907 11:31:35.983" level="INFO">Voltage level: 3.0005190036</msg>
<msg timestamp="20180907 11:31:35.983" level="INFO">Voltage level: 3.0005190036</msg>
<msg timestamp="20180907 11:31:35.983" level="INFO">Voltage level: 3.0005190036</msg>
<msg timestamp="20180907 11:31:35.983" level="INFO">Voltage level: 3.00019645816</msg>
<msg timestamp="20180907 11:31:35.983" level="INFO">Voltage level: 2.99955136728</msg>
<msg timestamp="20180907 11:31:35.983" level="INFO">Voltage level: 2.99955136728</msg>
<msg timestamp="20180907 11:31:35.984" level="INFO">Voltage level: 2.99922882183</msg>
<msg timestamp="20180907 11:31:35.984" level="INFO">Voltage level: 2.99987391272</msg>
<msg timestamp="20180907 11:31:35.984" level="INFO">Voltage level: 2.99987391272</msg>
<msg timestamp="20180907 11:31:35.984" level="INFO">Voltage level: 2.99858373095</msg>
<msg timestamp="20180907 11:31:35.984" level="INFO">Voltage level: 2.99987391272</msg>
<msg timestamp="20180907 11:31:35.984" level="INFO">Voltage level: 3.00019645816</msg>
<msg timestamp="20180907 11:31:35.985" level="INFO">Voltage level: 2.99922882183</msg>
<msg timestamp="20180907 11:31:35.985" level="INFO">Voltage level: 2.99922882183</msg>
<msg timestamp="20180907 11:31:35.985" level="INFO">Voltage level: 2.99955136728</msg>
<msg timestamp="20180907 11:31:35.985" level="INFO">Voltage level: 2.99890627639</msg>
<msg timestamp="20180907 11:31:35.985" level="INFO">Voltage level: 3.00019645816</msg>
<msg timestamp="20180907 11:31:35.985" level="INFO">Voltage level: 2.99922882183</msg>
<msg timestamp="20180907 11:31:35.986" level="INFO">Voltage level: 2.99922882183</msg>
<msg timestamp="20180907 11:31:35.986" level="INFO">Voltage level: 3.00019645816</msg>
<msg timestamp="20180907 11:31:35.986" level="INFO">Voltage level: 2.99955136728</msg>
<msg timestamp="20180907 11:31:35.986" level="INFO">Voltage level: 2.99955136728</msg>
<msg timestamp="20180907 11:31:35.986" level="INFO">Voltage level: 2.99922882183</msg>
<msg timestamp="20180907 11:31:35.986" level="INFO">Voltage level: 2.99922882183</msg>
<msg timestamp="20180907 11:31:35.987" level="INFO">Voltage level: 2.99922882183</msg>
<msg timestamp="20180907 11:31:35.987" level="INFO">Voltage level: 2.99955136728</msg>
<msg timestamp="20180907 11:31:35.987" level="INFO">Voltage level: 2.99955136728</msg>
<msg timestamp="20180907 11:31:35.987" level="INFO">Voltage level: 2.99955136728</msg>
<msg timestamp="20180907 11:31:35.987" level="INFO">Voltage level: 3.00019645816</msg>
<msg timestamp="20180907 11:31:35.987" level="INFO">Voltage level: 2.99955136728</msg>
<msg timestamp="20180907 11:31:35.987" level="INFO">Voltage level: 2.99955136728</msg>
<msg timestamp="20180907 11:31:35.988" level="INFO">Voltage level: 2.99922882183</msg>
<msg timestamp="20180907 11:31:35.988" level="INFO">Voltage level: 2.99922882183</msg>
<msg timestamp="20180907 11:31:35.988" level="INFO">Voltage level: 2.99890627639</msg>
<msg timestamp="20180907 11:31:35.988" level="INFO">Voltage level: 2.99955136728</msg>
<msg timestamp="20180907 11:31:35.989" level="INFO">Voltage level: 2.99987391272</msg>
<msg timestamp="20180907 11:31:35.989" level="INFO">Voltage level: 2.99890627639</msg>
<msg timestamp="20180907 11:31:35.990" level="INFO">Voltage level: 2.99955136728</msg>
<msg timestamp="20180907 11:31:35.990" level="INFO">Voltage level: 2.99987391272</msg>
<msg timestamp="20180907 11:31:35.990" level="INFO">Voltage level: 2.99922882183</msg>
<msg timestamp="20180907 11:31:35.990" level="INFO">Voltage level: 2.99955136728</msg>
<msg timestamp="20180907 11:31:35.991" level="INFO">Voltage level: 2.99922882183</msg>
<msg timestamp="20180907 11:31:35.991" level="INFO">Voltage level: 2.99858373095</msg>
<msg timestamp="20180907 11:31:35.991" level="INFO">Voltage level: 2.99987391272</msg>
<msg timestamp="20180907 11:31:35.991" level="INFO">Voltage level: 2.99955136728</msg>
<msg timestamp="20180907 11:31:35.991" level="INFO">Voltage level: 2.99955136728</msg>
<msg timestamp="20180907 11:31:35.991" level="INFO">Voltage level: 2.99987391272</msg>
<msg timestamp="20180907 11:31:35.991" level="INFO">Voltage level: 2.99955136728</msg>
<msg timestamp="20180907 11:31:35.992" level="INFO">Voltage level: 2.99987391272</msg>
<msg timestamp="20180907 11:31:35.993" level="INFO">Voltage level: 2.99955136728</msg>
<msg timestamp="20180907 11:31:35.993" level="INFO">Voltage level: 2.99922882183</msg>
<msg timestamp="20180907 11:31:35.993" level="INFO">Voltage level: 3.00019645816</msg>
<msg timestamp="20180907 11:31:35.993" level="INFO">Voltage level: 2.99955136728</msg>
<msg timestamp="20180907 11:31:35.995" level="INFO">Voltage level: 3.00019645816</msg>
<msg timestamp="20180907 11:31:35.995" level="INFO">Voltage level: 2.99922882183</msg>
<msg timestamp="20180907 11:31:35.995" level="INFO">Voltage level: 2.99987391272</msg>
<msg timestamp="20180907 11:31:35.995" level="INFO">Voltage level: 2.99955136728</msg>
<msg timestamp="20180907 11:31:35.995" level="INFO">Voltage level: 2.99922882183</msg>
<msg timestamp="20180907 11:31:35.996" level="INFO">Voltage level: 2.99858373095</msg>
<msg timestamp="20180907 11:31:35.996" level="INFO">Voltage level: 2.99955136728</msg>
<msg timestamp="20180907 11:31:35.996" level="INFO">Voltage level: 2.99890627639</msg>
<msg timestamp="20180907 11:31:35.996" level="INFO">Voltage level: 2.99987391272</msg>
<msg timestamp="20180907 11:31:35.996" level="INFO">Voltage level: 2.99987391272</msg>
<msg timestamp="20180907 11:31:35.996" level="INFO">Voltage level: 2.99955136728</msg>
<msg timestamp="20180907 11:31:35.996" level="INFO">Voltage level: 2.99955136728</msg>
<msg timestamp="20180907 11:31:35.997" level="INFO">Voltage level: 2.99987391272</msg>
<msg timestamp="20180907 11:31:35.997" level="INFO">Voltage level: 3.00019645816</msg>
<msg timestamp="20180907 11:31:35.997" level="INFO">Voltage level: 2.99955136728</msg>
<msg timestamp="20180907 11:31:35.997" level="INFO">Voltage level: 3.0005190036</msg>
<msg timestamp="20180907 11:31:35.997" level="INFO">Voltage level: 3.00019645816</msg>
<msg timestamp="20180907 11:31:35.998" level="INFO">Voltage level: 2.99987391272</msg>
<msg timestamp="20180907 11:31:35.998" level="INFO">Voltage level: 2.99922882183</msg>
<msg timestamp="20180907 11:31:35.998" level="INFO">Voltage level: 2.99890627639</msg>
<msg timestamp="20180907 11:31:35.998" level="INFO">Voltage level: 2.99890627639</msg>
<msg timestamp="20180907 11:31:35.998" level="INFO">Voltage level: 3.0005190036</msg>
<msg timestamp="20180907 11:31:35.998" level="INFO">Voltage level: 2.99955136728</msg>
<msg timestamp="20180907 11:31:35.999" level="INFO">Voltage level: 2.99955136728</msg>
<msg timestamp="20180907 11:31:35.999" level="INFO">Voltage level: 2.99955136728</msg>
<msg timestamp="20180907 11:31:36.000" level="INFO">Voltage level: 2.99890627639</msg>
<msg timestamp="20180907 11:31:36.000" level="INFO">Voltage level: 2.99922882183</msg>
<msg timestamp="20180907 11:31:36.000" level="INFO">Voltage level: 2.99922882183</msg>
<msg timestamp="20180907 11:31:36.000" level="INFO">Voltage level: 2.99890627639</msg>
<msg timestamp="20180907 11:31:36.000" level="INFO">Voltage level: 2.99922882183</msg>
<msg timestamp="20180907 11:31:36.000" level="INFO">Voltage level: 2.99955136728</msg>
<msg timestamp="20180907 11:31:36.000" level="INFO">Voltage level: 2.99922882183</msg>
<msg timestamp="20180907 11:31:36.001" level="INFO">Voltage level: 2.99922882183</msg>
<msg timestamp="20180907 11:31:36.001" level="INFO">Voltage level: 3.00019645816</msg>
<msg timestamp="20180907 11:31:36.001" level="INFO">Voltage level: 2.99890627639</msg>
<msg timestamp="20180907 11:31:36.001" level="INFO">Voltage level: 2.99922882183</msg>
<msg timestamp="20180907 11:31:36.001" level="INFO">Voltage level: 3.0005190036</msg>
<msg timestamp="20180907 11:31:36.001" level="INFO">Voltage level: 2.99890627639</msg>
<msg timestamp="20180907 11:31:36.001" level="INFO">Voltage level: 2.99922882183</msg>
<msg timestamp="20180907 11:31:36.002" level="INFO">Voltage level: 2.99987391272</msg>
<msg timestamp="20180907 11:31:36.002" level="INFO">Voltage level: 2.99922882183</msg>
<msg timestamp="20180907 11:31:36.002" level="INFO">Voltage level: 2.99955136728</msg>
<msg timestamp="20180907 11:31:36.002" level="INFO">Voltage level: 2.99987391272</msg>
<msg timestamp="20180907 11:31:36.002" level="INFO">Voltage level: 2.99922882183</msg>
<msg timestamp="20180907 11:31:36.002" level="INFO">Voltage level: 3.00019645816</msg>
<msg timestamp="20180907 11:31:36.002" level="INFO">Voltage level: 2.99987391272</msg>
<msg timestamp="20180907 11:31:36.005" level="INFO">Voltage level: 3.00019645816</msg>
<msg timestamp="20180907 11:31:36.005" level="INFO">Voltage level: 2.99987391272</msg>
<msg timestamp="20180907 11:31:36.005" level="INFO">Voltage level: 2.99922882183</msg>
<msg timestamp="20180907 11:31:36.005" level="INFO">Voltage level: 2.99987391272</msg>
<msg timestamp="20180907 11:31:36.005" level="INFO">Voltage level: 2.99955136728</msg>
<msg timestamp="20180907 11:31:36.006" level="INFO">Voltage level: 2.99955136728</msg>
<msg timestamp="20180907 11:31:36.006" level="INFO">Voltage level: 2.99987391272</msg>
<msg timestamp="20180907 11:31:36.006" level="INFO">Voltage level: 2.99890627639</msg>
<msg timestamp="20180907 11:31:36.006" level="INFO">Voltage level: 2.99955136728</msg>
<msg timestamp="20180907 11:31:36.006" level="INFO">Voltage level: 2.99890627639</msg>
<msg timestamp="20180907 11:31:36.006" level="INFO">Voltage level: 2.99955136728</msg>
<msg timestamp="20180907 11:31:36.006" level="INFO">Voltage level: 2.99987391272</msg>
<msg timestamp="20180907 11:31:36.007" level="INFO">Voltage level: 2.99955136728</msg>
<msg timestamp="20180907 11:31:36.007" level="INFO">Voltage level: 2.99890627639</msg>
<msg timestamp="20180907 11:31:36.007" level="INFO">Voltage level: 2.99955136728</msg>
<msg timestamp="20180907 11:31:36.007" level="INFO">Voltage level: 3.0005190036</msg>
<msg timestamp="20180907 11:31:36.008" level="INFO">Voltage level: 2.99955136728</msg>
<msg timestamp="20180907 11:31:36.008" level="INFO">Voltage level: 2.99955136728</msg>
<msg timestamp="20180907 11:31:36.008" level="INFO">Voltage level: 2.99987391272</msg>
<msg timestamp="20180907 11:31:36.008" level="INFO">Voltage level: 2.99922882183</msg>
<msg timestamp="20180907 11:31:36.008" level="INFO">Voltage level: 2.99987391272</msg>
<msg timestamp="20180907 11:31:36.008" level="INFO">Voltage level: 2.99987391272</msg>
<msg timestamp="20180907 11:31:36.008" level="INFO">Voltage level: 3.00019645816</msg>
<msg timestamp="20180907 11:31:36.009" level="INFO">Voltage level: 2.99987391272</msg>
<msg timestamp="20180907 11:31:36.009" level="INFO">Voltage level: 2.99987391272</msg>
<msg timestamp="20180907 11:31:36.009" level="INFO">Voltage level: 2.99922882183</msg>
<msg timestamp="20180907 11:31:36.009" level="INFO">Voltage level: 2.99955136728</msg>
<msg timestamp="20180907 11:31:36.009" level="INFO">Voltage level: 3.00019645816</msg>
<msg timestamp="20180907 11:31:36.009" level="INFO">Voltage level: 2.99987391272</msg>
<msg timestamp="20180907 11:31:36.010" level="INFO">Voltage level: 3.00019645816</msg>
<msg timestamp="20180907 11:31:36.010" level="INFO">Voltage level: 2.99890627639</msg>
<msg timestamp="20180907 11:31:36.010" level="INFO">Voltage level: 2.99987391272</msg>
<msg timestamp="20180907 11:31:36.011" level="INFO">Voltage level: 3.00019645816</msg>
<msg timestamp="20180907 11:31:36.011" level="INFO">Voltage level: 2.99922882183</msg>
<msg timestamp="20180907 11:31:36.011" level="INFO">Voltage level: 2.99922882183</msg>
<msg timestamp="20180907 11:31:36.012" level="INFO">Voltage level: 2.99955136728</msg>
<msg timestamp="20180907 11:31:36.012" level="INFO">Voltage level: 2.99955136728</msg>
<msg timestamp="20180907 11:31:36.012" level="INFO">Voltage level: 2.99922882183</msg>
<msg timestamp="20180907 11:31:36.012" level="INFO">Voltage level: 2.99890627639</msg>
<msg timestamp="20180907 11:31:36.012" level="INFO">Voltage level: 2.99890627639</msg>
<msg timestamp="20180907 11:31:36.012" level="INFO">Voltage level: 2.99955136728</msg>
<msg timestamp="20180907 11:31:36.013" level="INFO">Voltage level: 3.00116409449</msg>
<msg timestamp="20180907 11:31:36.013" level="INFO">Voltage level: 2.99922882183</msg>
<msg timestamp="20180907 11:31:36.050" level="INFO">Voltage level: 2.99955136728</msg>
<msg timestamp="20180907 11:31:36.050" level="INFO">Voltage level: 2.99987391272</msg>
<msg timestamp="20180907 11:31:36.050" level="INFO">Voltage level: 2.99987391272</msg>
<msg timestamp="20180907 11:31:36.051" level="INFO">Voltage level: 3.00019645816</msg>
<msg timestamp="20180907 11:31:36.051" level="INFO">Voltage level: 2.99955136728</msg>
<msg timestamp="20180907 11:31:36.051" level="INFO">Voltage level: 2.99955136728</msg>
<msg timestamp="20180907 11:31:36.051" level="INFO">Voltage level: 2.99987391272</msg>
<msg timestamp="20180907 11:31:36.051" level="INFO">Voltage level: 2.99987391272</msg>
<msg timestamp="20180907 11:31:36.051" level="INFO">Voltage level: 2.99922882183</msg>
<msg timestamp="20180907 11:31:36.051" level="INFO">Voltage level: 2.99922882183</msg>
<msg timestamp="20180907 11:31:36.051" level="INFO">Voltage level: 2.99922882183</msg>
<msg timestamp="20180907 11:31:36.052" level="INFO">Voltage level: 2.99987391272</msg>
<msg timestamp="20180907 11:31:36.052" level="INFO">Voltage level: 2.99955136728</msg>
<msg timestamp="20180907 11:31:36.052" level="INFO">Voltage level: 2.99955136728</msg>
<msg timestamp="20180907 11:31:36.052" level="INFO">Voltage level: 2.99955136728</msg>
<msg timestamp="20180907 11:31:36.052" level="INFO">Voltage level: 2.99955136728</msg>
<msg timestamp="20180907 11:31:36.052" level="INFO">Voltage level: 3.00116409449</msg>
<msg timestamp="20180907 11:31:36.052" level="INFO">Voltage level: 2.99955136728</msg>
<msg timestamp="20180907 11:31:36.052" level="INFO">Voltage level: 2.99955136728</msg>
<msg timestamp="20180907 11:31:36.052" level="INFO">Voltage level: 2.99922882183</msg>
<msg timestamp="20180907 11:31:36.053" level="INFO">Voltage level: 2.99890627639</msg>
<msg timestamp="20180907 11:31:36.053" level="INFO">Voltage level: 3.00019645816</msg>
<msg timestamp="20180907 11:31:36.053" level="INFO">Voltage level: 2.99955136728</msg>
<msg timestamp="20180907 11:31:36.053" level="INFO">Voltage level: 2.99922882183</msg>
<msg timestamp="20180907 11:31:36.053" level="INFO">Voltage level: 3.00084154904</msg>
<msg timestamp="20180907 11:31:36.053" level="INFO">Voltage level: 2.99987391272</msg>
<msg timestamp="20180907 11:31:36.053" level="INFO">Voltage level: 2.99922882183</msg>
<msg timestamp="20180907 11:31:36.053" level="INFO">Voltage level: 3.00019645816</msg>
<msg timestamp="20180907 11:31:36.053" level="INFO">Voltage level: 2.99987391272</msg>
<msg timestamp="20180907 11:31:36.054" level="INFO">Voltage level: 2.99987391272</msg>
<msg timestamp="20180907 11:31:36.054" level="INFO">Voltage level: 3.00019645816</msg>
<msg timestamp="20180907 11:31:36.054" level="INFO">Voltage level: 2.99955136728</msg>
<msg timestamp="20180907 11:31:36.054" level="INFO">Voltage level: 2.99922882183</msg>
<msg timestamp="20180907 11:31:36.054" level="INFO">Voltage level: 2.99987391272</msg>
<msg timestamp="20180907 11:31:36.054" level="INFO">Voltage level: 2.99955136728</msg>
<msg timestamp="20180907 11:31:36.054" level="INFO">Voltage level: 2.99955136728</msg>
<msg timestamp="20180907 11:31:36.054" level="INFO">Voltage level: 2.99955136728</msg>
<msg timestamp="20180907 11:31:36.054" level="INFO">Voltage level: 2.99922882183</msg>
<msg timestamp="20180907 11:31:36.055" level="INFO">Voltage level: 2.99955136728</msg>
<msg timestamp="20180907 11:31:36.055" level="INFO">Voltage level: 2.99955136728</msg>
<msg timestamp="20180907 11:31:36.055" level="INFO">Voltage level: 2.99922882183</msg>
<msg timestamp="20180907 11:31:36.055" level="INFO">Voltage level: 3.00019645816</msg>
<msg timestamp="20180907 11:31:36.055" level="INFO">Voltage level: 2.99987391272</msg>
<msg timestamp="20180907 11:31:36.055" level="INFO">Voltage level: 2.99955136728</msg>
<msg timestamp="20180907 11:31:36.055" level="INFO">Voltage level: 2.99890627639</msg>
<msg timestamp="20180907 11:31:36.055" level="INFO">Voltage level: 2.99922882183</msg>
<msg timestamp="20180907 11:31:36.055" level="INFO">Voltage level: 2.99922882183</msg>
<msg timestamp="20180907 11:31:36.056" level="INFO">Voltage level: 2.99922882183</msg>
<msg timestamp="20180907 11:31:36.056" level="INFO">Voltage level: 3.00116409449</msg>
<msg timestamp="20180907 11:31:36.056" level="INFO">Voltage level: 2.99955136728</msg>
<msg timestamp="20180907 11:31:36.056" level="INFO">Voltage level: 2.99922882183</msg>
<msg timestamp="20180907 11:31:36.056" level="INFO">Voltage level: 3.00019645816</msg>
<msg timestamp="20180907 11:31:36.056" level="INFO">Voltage level: 2.99858373095</msg>
<msg timestamp="20180907 11:31:36.057" level="INFO">Voltage level: 2.99922882183</msg>
<msg timestamp="20180907 11:31:36.057" level="INFO">Voltage level: 2.99922882183</msg>
<msg timestamp="20180907 11:31:36.057" level="INFO">Voltage level: 2.99955136728</msg>
<msg timestamp="20180907 11:31:36.057" level="INFO">Voltage level: 2.99922882183</msg>
<msg timestamp="20180907 11:31:36.057" level="INFO">Voltage level: 3.00019645816</msg>
<msg timestamp="20180907 11:31:36.057" level="INFO">Voltage level: 2.99987391272</msg>
<msg timestamp="20180907 11:31:36.057" level="INFO">Voltage level: 3.00019645816</msg>
<msg timestamp="20180907 11:31:36.057" level="INFO">Voltage level: 3.0005190036</msg>
<msg timestamp="20180907 11:31:36.058" level="INFO">Voltage level: 2.99922882183</msg>
<msg timestamp="20180907 11:31:36.058" level="INFO">Voltage level: 2.99955136728</msg>
<msg timestamp="20180907 11:31:36.058" level="INFO">Voltage level: 2.99955136728</msg>
<msg timestamp="20180907 11:31:36.058" level="INFO">Voltage level: 3.00019645816</msg>
<msg timestamp="20180907 11:31:36.058" level="INFO">Voltage level: 2.99955136728</msg>
<msg timestamp="20180907 11:31:36.058" level="INFO">Voltage level: 2.99987391272</msg>
<msg timestamp="20180907 11:31:36.058" level="INFO">Voltage level: 2.99987391272</msg>
<msg timestamp="20180907 11:31:36.059" level="INFO">Voltage level: 2.99922882183</msg>
<msg timestamp="20180907 11:31:36.059" level="INFO">Voltage level: 2.99987391272</msg>
<msg timestamp="20180907 11:31:36.059" level="INFO">Voltage level: 2.99922882183</msg>
<msg timestamp="20180907 11:31:36.059" level="INFO">Voltage level: 2.99922882183</msg>
<msg timestamp="20180907 11:31:36.059" level="INFO">Voltage level: 2.99955136728</msg>
<msg timestamp="20180907 11:31:36.059" level="INFO">Voltage level: 2.99955136728</msg>
<msg timestamp="20180907 11:31:36.059" level="INFO">Voltage level: 2.99955136728</msg>
<msg timestamp="20180907 11:31:36.059" level="INFO">Voltage level: 2.99922882183</msg>
<msg timestamp="20180907 11:31:36.060" level="INFO">Voltage level: 2.99987391272</msg>
<msg timestamp="20180907 11:31:36.060" level="INFO">Voltage level: 2.99955136728</msg>
<msg timestamp="20180907 11:31:36.060" level="INFO">Voltage level: 2.99922882183</msg>
<msg timestamp="20180907 11:31:36.060" level="INFO">Voltage level: 2.99922882183</msg>
<msg timestamp="20180907 11:31:36.060" level="INFO">Voltage level: 3.00019645816</msg>
<msg timestamp="20180907 11:31:36.060" level="INFO">Voltage level: 2.99987391272</msg>
<msg timestamp="20180907 11:31:36.060" level="INFO">Voltage level: 2.99987391272</msg>
<msg timestamp="20180907 11:31:36.060" level="INFO">Voltage level: 3.00019645816</msg>
<msg timestamp="20180907 11:31:36.061" level="INFO">Voltage level: 3.00019645816</msg>
<msg timestamp="20180907 11:31:36.061" level="INFO">Voltage level: 3.00019645816</msg>
<msg timestamp="20180907 11:31:36.061" level="INFO">Voltage level: 2.99890627639</msg>
<msg timestamp="20180907 11:31:36.061" level="INFO">Voltage level: 2.99987391272</msg>
<msg timestamp="20180907 11:31:36.061" level="INFO">Voltage level: 3.00084154904</msg>
<msg timestamp="20180907 11:31:36.061" level="INFO">Voltage level: 3.0005190036</msg>
<msg timestamp="20180907 11:31:36.061" level="INFO">Voltage level: 2.99987391272</msg>
<msg timestamp="20180907 11:31:36.061" level="INFO">Voltage level: 2.99890627639</msg>
<msg timestamp="20180907 11:31:36.061" level="INFO">Voltage level: 2.99955136728</msg>
<msg timestamp="20180907 11:31:36.062" level="INFO">Voltage level: 2.99955136728</msg>
<msg timestamp="20180907 11:31:36.062" level="INFO">Voltage level: 2.99987391272</msg>
<msg timestamp="20180907 11:31:36.062" level="INFO">Voltage level: 2.99955136728</msg>
<msg timestamp="20180907 11:31:36.062" level="INFO">Voltage level: 3.00019645816</msg>
<msg timestamp="20180907 11:31:36.062" level="INFO">Voltage level: 3.00019645816</msg>
<msg timestamp="20180907 11:31:36.062" level="INFO">Voltage level: 2.99955136728</msg>
<msg timestamp="20180907 11:31:36.062" level="INFO">Voltage level: 2.99922882183</msg>
<msg timestamp="20180907 11:31:36.062" level="INFO">Voltage level: 2.99955136728</msg>
<msg timestamp="20180907 11:31:36.062" level="INFO">Voltage level: 2.99922882183</msg>
<msg timestamp="20180907 11:31:36.063" level="INFO">Voltage level: 2.99987391272</msg>
<msg timestamp="20180907 11:31:36.063" level="INFO">Voltage level: 2.99987391272</msg>
<msg timestamp="20180907 11:31:36.063" level="INFO">Voltage level: 2.99955136728</msg>
<msg timestamp="20180907 11:31:36.063" level="INFO">Voltage level: 2.99890627639</msg>
<msg timestamp="20180907 11:31:36.063" level="INFO">Voltage level: 3.00019645816</msg>
<msg timestamp="20180907 11:31:36.063" level="INFO">Voltage level: 2.99955136728</msg>
<msg timestamp="20180907 11:31:36.064" level="INFO">Voltage level: 2.99890627639</msg>
<msg timestamp="20180907 11:31:36.064" level="INFO">Voltage level: 2.99955136728</msg>
<msg timestamp="20180907 11:31:36.064" level="INFO">Voltage level: 2.99955136728</msg>
<msg timestamp="20180907 11:31:36.064" level="INFO">Voltage level: 2.99955136728</msg>
<msg timestamp="20180907 11:31:36.064" level="INFO">Voltage level: 3.00019645816</msg>
<msg timestamp="20180907 11:31:36.064" level="INFO">Voltage level: 2.99922882183</msg>
<msg timestamp="20180907 11:31:36.064" level="INFO">Voltage level: 2.99922882183</msg>
<msg timestamp="20180907 11:31:36.064" level="INFO">Voltage level: 3.0005190036</msg>
<msg timestamp="20180907 11:31:36.065" level="INFO">Voltage level: 2.99955136728</msg>
<msg timestamp="20180907 11:31:36.065" level="INFO">Voltage level: 2.99858373095</msg>
<msg timestamp="20180907 11:31:36.065" level="INFO">Voltage level: 2.99955136728</msg>
<msg timestamp="20180907 11:31:36.065" level="INFO">Voltage level: 2.99987391272</msg>
<msg timestamp="20180907 11:31:36.066" level="INFO">Voltage level: 2.99955136728</msg>
<msg timestamp="20180907 11:31:36.066" level="INFO">Voltage level: 2.99955136728</msg>
<msg timestamp="20180907 11:31:36.066" level="INFO">Voltage level: 3.00019645816</msg>
<msg timestamp="20180907 11:31:36.066" level="INFO">Voltage level: 3.00019645816</msg>
<msg timestamp="20180907 11:31:36.066" level="INFO">Voltage level: 2.99890627639</msg>
<msg timestamp="20180907 11:31:36.066" level="INFO">Voltage level: 2.99922882183</msg>
<msg timestamp="20180907 11:31:36.066" level="INFO">Voltage level: 2.99955136728</msg>
<msg timestamp="20180907 11:31:36.066" level="INFO">Voltage level: 2.99955136728</msg>
<msg timestamp="20180907 11:31:36.066" level="INFO">Voltage level: 2.99987391272</msg>
<msg timestamp="20180907 11:31:36.067" level="INFO">Voltage level: 2.99955136728</msg>
<msg timestamp="20180907 11:31:36.067" level="INFO">Voltage level: 2.99922882183</msg>
<msg timestamp="20180907 11:31:36.067" level="INFO">Voltage level: 2.99955136728</msg>
<msg timestamp="20180907 11:31:36.067" level="INFO">Voltage level: 2.99955136728</msg>
<msg timestamp="20180907 11:31:36.067" level="INFO">Voltage level: 2.99922882183</msg>
<msg timestamp="20180907 11:31:36.067" level="INFO">Voltage level: 2.99955136728</msg>
<msg timestamp="20180907 11:31:36.067" level="INFO">Voltage level: 2.99955136728</msg>
<msg timestamp="20180907 11:31:36.067" level="INFO">Voltage level: 2.99922882183</msg>
<msg timestamp="20180907 11:31:36.068" level="INFO">Voltage level: 2.99987391272</msg>
<msg timestamp="20180907 11:31:36.068" level="INFO">Voltage level: 2.99987391272</msg>
<msg timestamp="20180907 11:31:36.068" level="INFO">Voltage level: 3.00019645816</msg>
<msg timestamp="20180907 11:31:36.068" level="INFO">Voltage level: 2.99987391272</msg>
<msg timestamp="20180907 11:31:36.068" level="INFO">Voltage level: 2.99890627639</msg>
<msg timestamp="20180907 11:31:36.068" level="INFO">Voltage level: 2.99922882183</msg>
<msg timestamp="20180907 11:31:36.068" level="INFO">Voltage level: 2.99955136728</msg>
<msg timestamp="20180907 11:31:36.068" level="INFO">Voltage level: 2.99890627639</msg>
<msg timestamp="20180907 11:31:36.068" level="INFO">Voltage level: 2.99955136728</msg>
<msg timestamp="20180907 11:31:36.068" level="INFO">Voltage level: 2.99987391272</msg>
<msg timestamp="20180907 11:31:36.069" level="INFO">Voltage level: 2.99955136728</msg>
<msg timestamp="20180907 11:31:36.069" level="INFO">Voltage level: 2.99890627639</msg>
<msg timestamp="20180907 11:31:36.069" level="INFO">Voltage level: 2.99955136728</msg>
<msg timestamp="20180907 11:31:36.069" level="INFO">Voltage level: 2.99890627639</msg>
<msg timestamp="20180907 11:31:36.069" level="INFO">Voltage level: 2.99987391272</msg>
<msg timestamp="20180907 11:31:36.069" level="INFO">Voltage level: 2.99955136728</msg>
<msg timestamp="20180907 11:31:36.074" level="INFO">Voltage level: 3.0005190036</msg>
<msg timestamp="20180907 11:31:36.074" level="INFO">Voltage level: 2.99987391272</msg>
<msg timestamp="20180907 11:31:36.075" level="INFO">Voltage level: 3.00019645816</msg>
<msg timestamp="20180907 11:31:36.075" level="INFO">Voltage level: 3.00019645816</msg>
<msg timestamp="20180907 11:31:36.075" level="INFO">Voltage level: 2.99987391272</msg>
<msg timestamp="20180907 11:31:36.075" level="INFO">Voltage level: 2.99987391272</msg>
<msg timestamp="20180907 11:31:36.075" level="INFO">Voltage level: 3.00019645816</msg>
<msg timestamp="20180907 11:31:36.075" level="INFO">Voltage level: 2.99955136728</msg>
<msg timestamp="20180907 11:31:36.075" level="INFO">Voltage level: 3.00019645816</msg>
<msg timestamp="20180907 11:31:36.076" level="INFO">Voltage level: 3.00019645816</msg>
<msg timestamp="20180907 11:31:36.076" level="INFO">Voltage level: 3.00019645816</msg>
<msg timestamp="20180907 11:31:36.076" level="INFO">Voltage level: 2.99987391272</msg>
<msg timestamp="20180907 11:31:36.076" level="INFO">Voltage level: 2.99955136728</msg>
<msg timestamp="20180907 11:31:36.076" level="INFO">Voltage level: 2.99922882183</msg>
<msg timestamp="20180907 11:31:36.076" level="INFO">Voltage level: 2.99987391272</msg>
<msg timestamp="20180907 11:31:36.076" level="INFO">Voltage level: 3.00019645816</msg>
<msg timestamp="20180907 11:31:36.076" level="INFO">Voltage level: 2.99955136728</msg>
<msg timestamp="20180907 11:31:36.076" level="INFO">Voltage level: 2.99987391272</msg>
<msg timestamp="20180907 11:31:36.076" level="INFO">Voltage level: 2.99858373095</msg>
<msg timestamp="20180907 11:31:36.077" level="INFO">Voltage level: 3.0005190036</msg>
<msg timestamp="20180907 11:31:36.077" level="INFO">Voltage level: 3.00019645816</msg>
<msg timestamp="20180907 11:31:36.077" level="INFO">Voltage level: 2.99922882183</msg>
<msg timestamp="20180907 11:31:36.077" level="INFO">Voltage level: 3.00019645816</msg>
<msg timestamp="20180907 11:31:36.077" level="INFO">Voltage level: 3.0005190036</msg>
<msg timestamp="20180907 11:31:36.077" level="INFO">Voltage level: 2.99858373095</msg>
<msg timestamp="20180907 11:31:36.077" level="INFO">Voltage level: 2.99987391272</msg>
<msg timestamp="20180907 11:31:36.077" level="INFO">Voltage level: 2.99987391272</msg>
<msg timestamp="20180907 11:31:36.077" level="INFO">Voltage level: 2.99955136728</msg>
<msg timestamp="20180907 11:31:36.078" level="INFO">Voltage level: 2.99955136728</msg>
<msg timestamp="20180907 11:31:36.078" level="INFO">Voltage level: 2.99987391272</msg>
<msg timestamp="20180907 11:31:36.078" level="INFO">Voltage level: 2.99955136728</msg>
<msg timestamp="20180907 11:31:36.078" level="INFO">Voltage level: 3.00019645816</msg>
<msg timestamp="20180907 11:31:36.078" level="INFO">Voltage level: 3.00084154904</msg>
<msg timestamp="20180907 11:31:36.078" level="INFO">Voltage level: 3.00019645816</msg>
<msg timestamp="20180907 11:31:36.078" level="INFO">Voltage level: 2.99890627639</msg>
<msg timestamp="20180907 11:31:36.078" level="INFO">Voltage level: 2.99955136728</msg>
<msg timestamp="20180907 11:31:36.078" level="INFO">Voltage level: 2.99890627639</msg>
<msg timestamp="20180907 11:31:36.079" level="INFO">Voltage level: 2.99922882183</msg>
<msg timestamp="20180907 11:31:36.079" level="INFO">Voltage level: 2.99955136728</msg>
<msg timestamp="20180907 11:31:36.079" level="INFO">Voltage level: 2.99922882183</msg>
<msg timestamp="20180907 11:31:36.079" level="INFO">Voltage level: 2.99955136728</msg>
<msg timestamp="20180907 11:31:36.079" level="INFO">Voltage level: 2.99987391272</msg>
<msg timestamp="20180907 11:31:36.079" level="INFO">Voltage level: 2.99987391272</msg>
<msg timestamp="20180907 11:31:36.079" level="INFO">Voltage level: 2.99955136728</msg>
<msg timestamp="20180907 11:31:36.079" level="INFO">Voltage level: 3.00084154904</msg>
<msg timestamp="20180907 11:31:36.079" level="INFO">Voltage level: 3.00019645816</msg>
<msg timestamp="20180907 11:31:36.080" level="INFO">Voltage level: 2.99955136728</msg>
<msg timestamp="20180907 11:31:36.080" level="INFO">Voltage level: 2.99922882183</msg>
<msg timestamp="20180907 11:31:36.080" level="INFO">Voltage level: 2.99955136728</msg>
<msg timestamp="20180907 11:31:36.080" level="INFO">Voltage level: 2.99987391272</msg>
<msg timestamp="20180907 11:31:36.080" level="INFO">Voltage level: 2.99987391272</msg>
<msg timestamp="20180907 11:31:36.080" level="INFO">Voltage level: 2.99955136728</msg>
<msg timestamp="20180907 11:31:36.080" level="INFO">Voltage level: 2.99890627639</msg>
<msg timestamp="20180907 11:31:36.080" level="INFO">Voltage level: 2.99890627639</msg>
<msg timestamp="20180907 11:31:36.081" level="INFO">Voltage level: 3.00019645816</msg>
<msg timestamp="20180907 11:31:36.082" level="INFO">Voltage level: 2.99987391272</msg>
<msg timestamp="20180907 11:31:36.082" level="INFO">Voltage level: 2.99955136728</msg>
<msg timestamp="20180907 11:31:36.082" level="INFO">Voltage level: 2.99955136728</msg>
<msg timestamp="20180907 11:31:36.083" level="INFO">Voltage level: 2.99922882183</msg>
<msg timestamp="20180907 11:31:36.083" level="INFO">Voltage level: 2.99922882183</msg>
<msg timestamp="20180907 11:31:36.083" level="INFO">Voltage level: 2.99922882183</msg>
<msg timestamp="20180907 11:31:36.083" level="INFO">Voltage level: 2.99987391272</msg>
<msg timestamp="20180907 11:31:36.083" level="INFO">Voltage level: 2.99922882183</msg>
<msg timestamp="20180907 11:31:36.083" level="INFO">Voltage level: 2.99987391272</msg>
<msg timestamp="20180907 11:31:36.083" level="INFO">Voltage level: 3.0005190036</msg>
<msg timestamp="20180907 11:31:36.083" level="INFO">Voltage level: 2.99955136728</msg>
<msg timestamp="20180907 11:31:36.083" level="INFO">Voltage level: 2.99858373095</msg>
<msg timestamp="20180907 11:31:36.084" level="INFO">Voltage level: 3.00019645816</msg>
<msg timestamp="20180907 11:31:36.084" level="INFO">Voltage level: 2.99987391272</msg>
<msg timestamp="20180907 11:31:36.084" level="INFO">Voltage level: 2.99987391272</msg>
<msg timestamp="20180907 11:31:36.084" level="INFO">Voltage level: 3.00019645816</msg>
<msg timestamp="20180907 11:31:36.084" level="INFO">Voltage level: 3.00019645816</msg>
<msg timestamp="20180907 11:31:36.084" level="INFO">Voltage level: 2.99955136728</msg>
<msg timestamp="20180907 11:31:36.084" level="INFO">Voltage level: 3.00019645816</msg>
<msg timestamp="20180907 11:31:36.084" level="INFO">Voltage level: 2.99955136728</msg>
<msg timestamp="20180907 11:31:36.084" level="INFO">Voltage level: 2.99955136728</msg>
<msg timestamp="20180907 11:31:36.084" level="INFO">Voltage level: 2.99987391272</msg>
<msg timestamp="20180907 11:31:36.084" level="INFO">Voltage level: 2.99922882183</msg>
<msg timestamp="20180907 11:31:36.085" level="INFO">Voltage level: 2.99890627639</msg>
<msg timestamp="20180907 11:31:36.085" level="INFO">Voltage level: 2.99987391272</msg>
<msg timestamp="20180907 11:31:36.085" level="INFO">Voltage level: 2.99890627639</msg>
<msg timestamp="20180907 11:31:36.085" level="INFO">Voltage level: 2.99922882183</msg>
<msg timestamp="20180907 11:31:36.085" level="INFO">Voltage level: 2.99955136728</msg>
<msg timestamp="20180907 11:31:36.085" level="INFO">Voltage level: 2.99922882183</msg>
<msg timestamp="20180907 11:31:36.085" level="INFO">Voltage level: 2.99890627639</msg>
<msg timestamp="20180907 11:31:36.085" level="INFO">Voltage level: 2.99987391272</msg>
<msg timestamp="20180907 11:31:36.085" level="INFO">Voltage level: 3.00019645816</msg>
<msg timestamp="20180907 11:31:36.085" level="INFO">Voltage level: 2.99922882183</msg>
<msg timestamp="20180907 11:31:36.086" level="INFO">Voltage level: 2.99955136728</msg>
<msg timestamp="20180907 11:31:36.086" level="INFO">Voltage level: 2.99987391272</msg>
<msg timestamp="20180907 11:31:36.086" level="INFO">Voltage level: 2.99987391272</msg>
<msg timestamp="20180907 11:31:36.086" level="INFO">Voltage level: 2.99922882183</msg>
<msg timestamp="20180907 11:31:36.086" level="INFO">Voltage level: 2.99955136728</msg>
<msg timestamp="20180907 11:31:36.086" level="INFO">Voltage level: 2.99890627639</msg>
<msg timestamp="20180907 11:31:36.086" level="INFO">Voltage level: 2.99987391272</msg>
<msg timestamp="20180907 11:31:36.086" level="INFO">Voltage level: 2.99922882183</msg>
<msg timestamp="20180907 11:31:36.087" level="INFO">Voltage level: 2.99955136728</msg>
<msg timestamp="20180907 11:31:36.087" level="INFO">Voltage level: 2.99922882183</msg>
<msg timestamp="20180907 11:31:36.087" level="INFO">Voltage level: 2.99955136728</msg>
<msg timestamp="20180907 11:31:36.087" level="INFO">Voltage level: 2.99955136728</msg>
<msg timestamp="20180907 11:31:36.087" level="INFO">Voltage level: 2.99955136728</msg>
<msg timestamp="20180907 11:31:36.087" level="INFO">Voltage level: 2.99955136728</msg>
<msg timestamp="20180907 11:31:36.087" level="INFO">Voltage level: 2.99922882183</msg>
<msg timestamp="20180907 11:31:36.088" level="INFO">Voltage level: 2.99987391272</msg>
<msg timestamp="20180907 11:31:36.088" level="INFO">Voltage level: 2.99922882183</msg>
<msg timestamp="20180907 11:31:36.088" level="INFO">Voltage level: 3.00019645816</msg>
<msg timestamp="20180907 11:31:36.089" level="INFO">Voltage level: 2.99922882183</msg>
<msg timestamp="20180907 11:31:36.089" level="INFO">Voltage level: 2.99955136728</msg>
<msg timestamp="20180907 11:31:36.089" level="INFO">Voltage level: 2.99955136728</msg>
<msg timestamp="20180907 11:31:36.089" level="INFO">Voltage level: 3.00019645816</msg>
<msg timestamp="20180907 11:31:36.089" level="INFO">Voltage level: 2.99987391272</msg>
<msg timestamp="20180907 11:31:36.089" level="INFO">Voltage level: 2.99987391272</msg>
<msg timestamp="20180907 11:31:36.089" level="INFO">Voltage level: 2.99955136728</msg>
<msg timestamp="20180907 11:31:36.089" level="INFO">Voltage level: 2.99890627639</msg>
<msg timestamp="20180907 11:31:36.090" level="INFO">Voltage level: 3.00019645816</msg>
<msg timestamp="20180907 11:31:36.090" level="INFO">Voltage level: 2.99987391272</msg>
<msg timestamp="20180907 11:31:36.090" level="INFO">Voltage level: 2.99955136728</msg>
<msg timestamp="20180907 11:31:36.090" level="INFO">Voltage level: 2.99955136728</msg>
<msg timestamp="20180907 11:31:36.090" level="INFO">Voltage level: 2.99987391272</msg>
<msg timestamp="20180907 11:31:36.090" level="INFO">Voltage level: 2.99955136728</msg>
<msg timestamp="20180907 11:31:36.090" level="INFO">Voltage level: 2.99987391272</msg>
<msg timestamp="20180907 11:31:36.090" level="INFO">Voltage level: 3.00019645816</msg>
<msg timestamp="20180907 11:31:36.090" level="INFO">Voltage level: 2.99890627639</msg>
<msg timestamp="20180907 11:31:36.091" level="INFO">Voltage level: 2.99955136728</msg>
<msg timestamp="20180907 11:31:36.091" level="INFO">Voltage level: 2.99922882183</msg>
<msg timestamp="20180907 11:31:36.091" level="INFO">Voltage level: 2.99922882183</msg>
<msg timestamp="20180907 11:31:36.091" level="INFO">Voltage level: 3.00019645816</msg>
<msg timestamp="20180907 11:31:36.091" level="INFO">Voltage level: 2.99987391272</msg>
<msg timestamp="20180907 11:31:36.091" level="INFO">Voltage level: 2.99922882183</msg>
<msg timestamp="20180907 11:31:36.091" level="INFO">Voltage level: 2.99955136728</msg>
<msg timestamp="20180907 11:31:36.091" level="INFO">Voltage level: 2.99987391272</msg>
<msg timestamp="20180907 11:31:36.091" level="INFO">Voltage level: 2.99922882183</msg>
<msg timestamp="20180907 11:31:36.091" level="INFO">Voltage level: 3.00019645816</msg>
<msg timestamp="20180907 11:31:36.091" level="INFO">Voltage level: 2.99922882183</msg>
<msg timestamp="20180907 11:31:36.092" level="INFO">Voltage level: 2.99987391272</msg>
<msg timestamp="20180907 11:31:36.092" level="INFO">Voltage level: 3.00019645816</msg>
<msg timestamp="20180907 11:31:36.092" level="INFO">Voltage level: 3.00019645816</msg>
<msg timestamp="20180907 11:31:36.092" level="INFO">Voltage level: 2.99922882183</msg>
<msg timestamp="20180907 11:31:36.092" level="INFO">Voltage level: 2.99955136728</msg>
<msg timestamp="20180907 11:31:36.092" level="INFO">Voltage level: 3.0005190036</msg>
<msg timestamp="20180907 11:31:36.092" level="INFO">Voltage level: 2.99987391272</msg>
<msg timestamp="20180907 11:31:36.092" level="INFO">Voltage level: 2.99922882183</msg>
<msg timestamp="20180907 11:31:36.092" level="INFO">Voltage level: 2.99890627639</msg>
<msg timestamp="20180907 11:31:36.093" level="INFO">Voltage level: 2.99955136728</msg>
<msg timestamp="20180907 11:31:36.093" level="INFO">Voltage level: 2.99955136728</msg>
<msg timestamp="20180907 11:31:36.093" level="INFO">Voltage level: 2.99987391272</msg>
<msg timestamp="20180907 11:31:36.093" level="INFO">Voltage level: 2.99890627639</msg>
<msg timestamp="20180907 11:31:36.093" level="INFO">Voltage level: 2.99922882183</msg>
<msg timestamp="20180907 11:31:36.093" level="INFO">Voltage level: 2.99858373095</msg>
<msg timestamp="20180907 11:31:36.093" level="INFO">Voltage level: 2.99955136728</msg>
<msg timestamp="20180907 11:31:36.093" level="INFO">Voltage level: 2.99922882183</msg>
<msg timestamp="20180907 11:31:36.093" level="INFO">Voltage level: 2.99890627639</msg>
<msg timestamp="20180907 11:31:36.094" level="INFO">Voltage level: 2.99955136728</msg>
<msg timestamp="20180907 11:31:36.094" level="INFO">Voltage level: 3.00019645816</msg>
<msg timestamp="20180907 11:31:36.094" level="INFO">Voltage level: 2.99922882183</msg>
<msg timestamp="20180907 11:31:36.094" level="INFO">Voltage level: 2.99955136728</msg>
<msg timestamp="20180907 11:31:36.094" level="INFO">Voltage level: 2.99987391272</msg>
<msg timestamp="20180907 11:31:36.094" level="INFO">Voltage level: 2.99987391272</msg>
<msg timestamp="20180907 11:31:36.094" level="INFO">Voltage level: 3.00019645816</msg>
<msg timestamp="20180907 11:31:36.094" level="INFO">Voltage level: 2.99955136728</msg>
<msg timestamp="20180907 11:31:36.094" level="INFO">Voltage level: 2.99890627639</msg>
<msg timestamp="20180907 11:31:36.094" level="INFO">Voltage level: 2.99890627639</msg>
<msg timestamp="20180907 11:31:36.094" level="INFO">Voltage level: 2.99922882183</msg>
<msg timestamp="20180907 11:31:36.095" level="INFO">Voltage level: 2.99858373095</msg>
<msg timestamp="20180907 11:31:36.095" level="INFO">Voltage level: 3.00019645816</msg>
<msg timestamp="20180907 11:31:36.095" level="INFO">Voltage level: 3.00019645816</msg>
<msg timestamp="20180907 11:31:36.095" level="INFO">Voltage level: 2.99987391272</msg>
<msg timestamp="20180907 11:31:36.095" level="INFO">Voltage level: 2.99987391272</msg>
<msg timestamp="20180907 11:31:36.095" level="INFO">Voltage level: 2.99922882183</msg>
<msg timestamp="20180907 11:31:36.095" level="INFO">Voltage level: 2.99890627639</msg>
<msg timestamp="20180907 11:31:36.095" level="INFO">Voltage level: 2.99922882183</msg>
<msg timestamp="20180907 11:31:36.095" level="INFO">Voltage level: 2.99955136728</msg>
<msg timestamp="20180907 11:31:36.095" level="INFO">Voltage level: 2.99922882183</msg>
<msg timestamp="20180907 11:31:36.096" level="INFO">Voltage level: 2.99922882183</msg>
<msg timestamp="20180907 11:31:36.096" level="INFO">Voltage level: 2.99890627639</msg>
<msg timestamp="20180907 11:31:36.096" level="INFO">Voltage level: 2.99922882183</msg>
<msg timestamp="20180907 11:31:36.096" level="INFO">Voltage level: 2.99955136728</msg>
<msg timestamp="20180907 11:31:36.096" level="INFO">Voltage level: 2.99955136728</msg>
<msg timestamp="20180907 11:31:36.096" level="INFO">Voltage level: 2.99890627639</msg>
<msg timestamp="20180907 11:31:36.096" level="INFO">Voltage level: 2.99955136728</msg>
<msg timestamp="20180907 11:31:36.096" level="INFO">Voltage level: 2.99987391272</msg>
<msg timestamp="20180907 11:31:36.096" level="INFO">Voltage level: 2.99955136728</msg>
<msg timestamp="20180907 11:31:36.096" level="INFO">Voltage level: 2.99955136728</msg>
<msg timestamp="20180907 11:31:36.096" level="INFO">Voltage level: 2.99955136728</msg>
<msg timestamp="20180907 11:31:36.097" level="INFO">Voltage level: 2.99890627639</msg>
<msg timestamp="20180907 11:31:36.097" level="INFO">Voltage level: 2.99987391272</msg>
<msg timestamp="20180907 11:31:36.097" level="INFO">Voltage level: 2.99890627639</msg>
<msg timestamp="20180907 11:31:36.097" level="INFO">Voltage level: 2.99922882183</msg>
<msg timestamp="20180907 11:31:36.097" level="INFO">Voltage level: 2.99922882183</msg>
<msg timestamp="20180907 11:31:36.097" level="INFO">Voltage level: 2.99955136728</msg>
<msg timestamp="20180907 11:31:36.097" level="INFO">Voltage level: 2.99955136728</msg>
<msg timestamp="20180907 11:31:36.097" level="INFO">Voltage level: 2.99955136728</msg>
<msg timestamp="20180907 11:31:36.097" level="INFO">Voltage level: 2.99955136728</msg>
<msg timestamp="20180907 11:31:36.098" level="INFO">Voltage level: 2.99922882183</msg>
<msg timestamp="20180907 11:31:36.098" level="INFO">Voltage level: 3.00084154904</msg>
<msg timestamp="20180907 11:31:36.098" level="INFO">Voltage level: 2.99987391272</msg>
<msg timestamp="20180907 11:31:36.098" level="INFO">Voltage level: 2.99922882183</msg>
<msg timestamp="20180907 11:31:36.098" level="INFO">Voltage level: 3.00019645816</msg>
<msg timestamp="20180907 11:31:36.098" level="INFO">Voltage level: 2.99922882183</msg>
<msg timestamp="20180907 11:31:36.098" level="INFO">Voltage level: 2.99890627639</msg>
<msg timestamp="20180907 11:31:36.098" level="INFO">Voltage level: 2.99987391272</msg>
<msg timestamp="20180907 11:31:36.098" level="INFO">Voltage level: 3.00019645816</msg>
<msg timestamp="20180907 11:31:36.098" level="INFO">Voltage level: 2.99987391272</msg>
<msg timestamp="20180907 11:31:36.099" level="INFO">Voltage level: 2.99922882183</msg>
<msg timestamp="20180907 11:31:36.099" level="INFO">Voltage level: 3.00019645816</msg>
<msg timestamp="20180907 11:31:36.102" level="INFO">Voltage level: 2.99955136728</msg>
<msg timestamp="20180907 11:31:36.102" level="INFO">Voltage level: 2.99922882183</msg>
<msg timestamp="20180907 11:31:36.102" level="INFO">Voltage level: 2.99922882183</msg>
<msg timestamp="20180907 11:31:36.102" level="INFO">Voltage level: 2.99987391272</msg>
<msg timestamp="20180907 11:31:36.102" level="INFO">Voltage level: 2.99955136728</msg>
<msg timestamp="20180907 11:31:36.102" level="INFO">Voltage level: 2.99955136728</msg>
<msg timestamp="20180907 11:31:36.103" level="INFO">Voltage level: 2.99987391272</msg>
<msg timestamp="20180907 11:31:36.103" level="INFO">Voltage level: 2.99955136728</msg>
<msg timestamp="20180907 11:31:36.103" level="INFO">Voltage level: 2.99955136728</msg>
<msg timestamp="20180907 11:31:36.103" level="INFO">Voltage level: 2.99955136728</msg>
<msg timestamp="20180907 11:31:36.103" level="INFO">Voltage level: 3.0005190036</msg>
<msg timestamp="20180907 11:31:36.103" level="INFO">Voltage level: 2.99987391272</msg>
<msg timestamp="20180907 11:31:36.103" level="INFO">Voltage level: 2.99955136728</msg>
<msg timestamp="20180907 11:31:36.103" level="INFO">Voltage level: 2.99955136728</msg>
<msg timestamp="20180907 11:31:36.103" level="INFO">Voltage level: 2.99922882183</msg>
<msg timestamp="20180907 11:31:36.103" level="INFO">Voltage level: 2.99987391272</msg>
<msg timestamp="20180907 11:31:36.103" level="INFO">Voltage level: 2.99955136728</msg>
<msg timestamp="20180907 11:31:36.103" level="INFO">Voltage level: 2.99955136728</msg>
<msg timestamp="20180907 11:31:36.104" level="INFO">Voltage level: 2.99955136728</msg>
<msg timestamp="20180907 11:31:36.104" level="INFO">Voltage level: 2.99955136728</msg>
<msg timestamp="20180907 11:31:36.104" level="INFO">Voltage level: 2.99890627639</msg>
<msg timestamp="20180907 11:31:36.104" level="INFO">Voltage level: 2.99987391272</msg>
<msg timestamp="20180907 11:31:36.104" level="INFO">Voltage level: 2.99987391272</msg>
<msg timestamp="20180907 11:31:36.104" level="INFO">Voltage level: 2.99955136728</msg>
<msg timestamp="20180907 11:31:36.104" level="INFO">Voltage level: 2.99955136728</msg>
<msg timestamp="20180907 11:31:36.104" level="INFO">Voltage level: 2.99955136728</msg>
<msg timestamp="20180907 11:31:36.104" level="INFO">Voltage level: 2.99890627639</msg>
<msg timestamp="20180907 11:31:36.104" level="INFO">Voltage level: 2.99955136728</msg>
<msg timestamp="20180907 11:31:36.104" level="INFO">Voltage level: 2.99987391272</msg>
<msg timestamp="20180907 11:31:36.104" level="INFO">Voltage level: 3.00019645816</msg>
<msg timestamp="20180907 11:31:36.104" level="INFO">Voltage level: 2.99955136728</msg>
<msg timestamp="20180907 11:31:36.105" level="INFO">Voltage level: 2.99987391272</msg>
<msg timestamp="20180907 11:31:36.105" level="INFO">Voltage level: 2.99922882183</msg>
<msg timestamp="20180907 11:31:36.105" level="INFO">Voltage level: 2.99922882183</msg>
<msg timestamp="20180907 11:31:36.105" level="INFO">Voltage level: 3.00019645816</msg>
<msg timestamp="20180907 11:31:36.105" level="INFO">Voltage level: 3.00019645816</msg>
<msg timestamp="20180907 11:31:36.105" level="INFO">Voltage level: 2.99890627639</msg>
<msg timestamp="20180907 11:31:36.105" level="INFO">Voltage level: 2.99955136728</msg>
<msg timestamp="20180907 11:31:36.105" level="INFO">Voltage level: 2.99955136728</msg>
<msg timestamp="20180907 11:31:36.105" level="INFO">Voltage level: 3.00019645816</msg>
<msg timestamp="20180907 11:31:36.105" level="INFO">Voltage level: 2.99987391272</msg>
<msg timestamp="20180907 11:31:36.105" level="INFO">Voltage level: 3.00019645816</msg>
<msg timestamp="20180907 11:31:36.105" level="INFO">Voltage level: 2.99987391272</msg>
<msg timestamp="20180907 11:31:36.106" level="INFO">Voltage level: 2.99987391272</msg>
<msg timestamp="20180907 11:31:36.106" level="INFO">Voltage level: 2.99922882183</msg>
<msg timestamp="20180907 11:31:36.106" level="INFO">Voltage level: 3.0005190036</msg>
<msg timestamp="20180907 11:31:36.106" level="INFO">Voltage level: 2.99955136728</msg>
<msg timestamp="20180907 11:31:36.106" level="INFO">Voltage level: 2.99987391272</msg>
<msg timestamp="20180907 11:31:36.106" level="INFO">Voltage level: 2.99987391272</msg>
<msg timestamp="20180907 11:31:36.106" level="INFO">Voltage level: 2.99922882183</msg>
<msg timestamp="20180907 11:31:36.106" level="INFO">Voltage level: 2.99955136728</msg>
<msg timestamp="20180907 11:31:36.106" level="INFO">Voltage level: 3.00019645816</msg>
<msg timestamp="20180907 11:31:36.106" level="INFO">Voltage level: 2.99987391272</msg>
<msg timestamp="20180907 11:31:36.107" level="INFO">Voltage level: 2.99987391272</msg>
<msg timestamp="20180907 11:31:36.107" level="INFO">Voltage level: 3.0005190036</msg>
<msg timestamp="20180907 11:31:36.107" level="INFO">Voltage level: 2.99955136728</msg>
<msg timestamp="20180907 11:31:36.107" level="INFO">Voltage level: 2.99922882183</msg>
<msg timestamp="20180907 11:31:36.107" level="INFO">Voltage level: 2.99987391272</msg>
<msg timestamp="20180907 11:31:36.107" level="INFO">Voltage level: 2.99955136728</msg>
<msg timestamp="20180907 11:31:36.107" level="INFO">Voltage level: 3.00019645816</msg>
<msg timestamp="20180907 11:31:36.107" level="INFO">Voltage level: 2.99955136728</msg>
<msg timestamp="20180907 11:31:36.107" level="INFO">Voltage level: 2.99987391272</msg>
<msg timestamp="20180907 11:31:36.108" level="INFO">Voltage level: 2.99922882183</msg>
<msg timestamp="20180907 11:31:36.108" level="INFO">Voltage level: 3.00019645816</msg>
<msg timestamp="20180907 11:31:36.108" level="INFO">Voltage level: 2.99922882183</msg>
[...]
<msg timestamp="20180907 11:31:36.374" level="INFO">Voltage level: 0.651743094728</msg>
<msg timestamp="20180907 11:31:36.374" level="INFO">Voltage level: 0.647872549423</msg>
<msg timestamp="20180907 11:31:36.374" level="INFO">Voltage level: 0.644324549561</msg>
<msg timestamp="20180907 11:31:36.374" level="INFO">Voltage level: 0.640131458815</msg>
<msg timestamp="20180907 11:31:36.374" level="INFO">Voltage level: 0.635938368068</msg>
<msg timestamp="20180907 11:31:36.374" level="INFO">Voltage level: 0.630777640996</msg>
<msg timestamp="20180907 11:31:36.374" level="INFO">Voltage level: 0.627229641133</msg>
<msg timestamp="20180907 11:31:36.374" level="INFO">Voltage level: 0.619811095967</msg>
<msg timestamp="20180907 11:31:36.374" level="INFO">Voltage level: 0.615295459778</msg>
<msg timestamp="20180907 11:31:36.374" level="INFO">Voltage level: 0.60755436917</msg>
<msg timestamp="20180907 11:31:36.374" level="INFO">Voltage level: 0.602071096655</msg>
<msg timestamp="20180907 11:31:36.374" level="INFO">Voltage level: 0.596265278698</msg>
<msg timestamp="20180907 11:31:36.374" level="INFO">Voltage level: 0.59174964251</msg>
<msg timestamp="20180907 11:31:36.374" level="INFO">Voltage level: 0.585943824553</msg>
<msg timestamp="20180907 11:31:36.374" level="INFO">Voltage level: 0.582073279249</msg>
<msg timestamp="20180907 11:31:36.374" level="INFO">Voltage level: 0.576590006734</msg>
<msg timestamp="20180907 11:31:36.374" level="INFO">Voltage level: 0.572396915988</msg>
<msg timestamp="20180907 11:31:36.374" level="INFO">Voltage level: 0.566591098031</msg>
<msg timestamp="20180907 11:31:36.374" level="INFO">Voltage level: 0.561752916401</msg>
<msg timestamp="20180907 11:31:36.375" level="INFO">Voltage level: 0.554979462118</msg>
<msg timestamp="20180907 11:31:36.375" level="INFO">Voltage level: 0.549818735046</msg>
<msg timestamp="20180907 11:31:36.375" level="INFO">Voltage level: 0.543367826205</msg>
<msg timestamp="20180907 11:31:36.375" level="INFO">Voltage level: 0.537884553691</msg>
<msg timestamp="20180907 11:31:36.375" level="INFO">Voltage level: 0.531756190292</msg>
<msg timestamp="20180907 11:31:36.375" level="INFO">Voltage level: 0.526918008662</msg>
<msg timestamp="20180907 11:31:36.375" level="INFO">Voltage level: 0.520467099821</msg>
<msg timestamp="20180907 11:31:36.375" level="INFO">Voltage level: 0.515951463633</msg>
<msg timestamp="20180907 11:31:36.375" level="INFO">Voltage level: 0.510145645676</msg>
<msg timestamp="20180907 11:31:36.375" level="INFO">Voltage level: 0.50595255493</msg>
<msg timestamp="20180907 11:31:36.375" level="INFO">Voltage level: 0.500469282415</msg>
<msg timestamp="20180907 11:31:36.376" level="INFO">Voltage level: 0.496921282553</msg>
<msg timestamp="20180907 11:31:36.376" level="INFO">Voltage level: 0.491115464596</msg>
<msg timestamp="20180907 11:31:36.376" level="INFO">Voltage level: 0.487890010176</msg>
<msg timestamp="20180907 11:31:36.376" level="INFO">Voltage level: 0.482729283103</msg>
<msg timestamp="20180907 11:31:36.376" level="INFO">Voltage level: 0.479181283241</msg>
<msg timestamp="20180907 11:31:36.376" level="INFO">Voltage level: 0.474020556168</msg>
<msg timestamp="20180907 11:31:36.376" level="INFO">Voltage level: 0.471440192632</msg>
<msg timestamp="20180907 11:31:36.376" level="INFO">Voltage level: 0.46627946556</msg>
<msg timestamp="20180907 11:31:36.376" level="INFO">Voltage level: 0.463376556581</msg>
<msg timestamp="20180907 11:31:36.376" level="INFO">Voltage level: 0.459828556719</msg>
<msg timestamp="20180907 11:31:36.377" level="INFO">Voltage level: 0.456280556857</msg>
<msg timestamp="20180907 11:31:36.377" level="INFO">Voltage level: 0.45208746611</msg>
<msg timestamp="20180907 11:31:36.377" level="INFO">Voltage level: 0.449829648016</msg>
<msg timestamp="20180907 11:31:36.377" level="INFO">Voltage level: 0.445959102712</msg>
<msg timestamp="20180907 11:31:36.377" level="INFO">Voltage level: 0.442733648291</msg>
<msg timestamp="20180907 11:31:36.377" level="INFO">Voltage level: 0.439508193871</msg>
<msg timestamp="20180907 11:31:36.377" level="INFO">Voltage level: 0.435960194009</msg>
<msg timestamp="20180907 11:31:36.377" level="INFO">Voltage level: 0.432089648704</msg>
<msg timestamp="20180907 11:31:36.377" level="INFO">Voltage level: 0.42983183061</msg>
<msg timestamp="20180907 11:31:36.377" level="INFO">Voltage level: 0.42499364898</msg>
<msg timestamp="20180907 11:31:36.377" level="INFO">Voltage level: 0.422413285443</msg>
<msg timestamp="20180907 11:31:36.377" level="INFO">Voltage level: 0.420478012791</msg>
<msg timestamp="20180907 11:31:36.377" level="INFO">Voltage level: 0.420155467349</msg>
<msg timestamp="20180907 11:31:36.377" level="INFO">Voltage level: 0.419187831023</msg>
<msg timestamp="20180907 11:31:36.377" level="INFO">Voltage level: 0.418220194697</msg>
<msg timestamp="20180907 11:31:36.377" level="INFO">Voltage level: 0.415962376603</msg>
<msg timestamp="20180907 11:31:36.377" level="INFO">Voltage level: 0.416607467487</msg>
<msg timestamp="20180907 11:31:36.377" level="INFO">Voltage level: 0.415317285719</msg>
<msg timestamp="20180907 11:31:36.377" level="INFO">Voltage level: 0.414349649393</msg>
<msg timestamp="20180907 11:31:36.377" level="INFO">Voltage level: 0.412736922182</msg>
<msg timestamp="20180907 11:31:36.377" level="INFO">Voltage level: 0.413704558508</msg>
<msg timestamp="20180907 11:31:36.377" level="INFO">Voltage level: 0.411124194972</msg>
<msg timestamp="20180907 11:31:36.377" level="INFO">Voltage level: 0.411769285856</msg>
<msg timestamp="20180907 11:31:36.377" level="INFO">Voltage level: 0.411446740414</msg>
<msg timestamp="20180907 11:31:36.377" level="INFO">Voltage level: 0.41080164953</msg>
<msg timestamp="20180907 11:31:36.377" level="INFO">Voltage level: 0.410479104088</msg>
<msg timestamp="20180907 11:31:36.377" level="INFO">Voltage level: 0.41080164953</msg>
<msg timestamp="20180907 11:31:36.377" level="INFO">Voltage level: 0.409511467762</msg>
<msg timestamp="20180907 11:31:36.377" level="INFO">Voltage level: 0.409511467762</msg>
<msg timestamp="20180907 11:31:36.377" level="INFO">Voltage level: 0.40918892232</msg>
<msg timestamp="20180907 11:31:36.378" level="INFO">Voltage level: 0.409834013204</msg>
<msg timestamp="20180907 11:31:36.378" level="INFO">Voltage level: 0.409511467762</msg>
<msg timestamp="20180907 11:31:36.378" level="INFO">Voltage level: 0.410156558646</msg>
<msg timestamp="20180907 11:31:36.378" level="INFO">Voltage level: 0.412091831298</msg>
<msg timestamp="20180907 11:31:36.378" level="INFO">Voltage level: 0.414672194835</msg>
<msg timestamp="20180907 11:31:36.378" level="INFO">Voltage level: 0.417575103813</msg>
<msg timestamp="20180907 11:31:36.378" level="INFO">Voltage level: 0.421445649117</msg>
<msg timestamp="20180907 11:31:36.378" level="INFO">Voltage level: 0.423703467211</msg>
<msg timestamp="20180907 11:31:36.378" level="INFO">Voltage level: 0.4282191034</msg>
<msg timestamp="20180907 11:31:36.378" level="INFO">Voltage level: 0.430799466936</msg>
<msg timestamp="20180907 11:31:36.378" level="INFO">Voltage level: 0.434024921356</msg>
<msg timestamp="20180907 11:31:36.378" level="INFO">Voltage level: 0.435637648567</msg>
<msg timestamp="20180907 11:31:36.378" level="INFO">Voltage level: 0.438540557545</msg>
<msg timestamp="20180907 11:31:36.378" level="INFO">Voltage level: 0.440153284755</msg>
<msg timestamp="20180907 11:31:36.378" level="INFO">Voltage level: 0.443378739175</msg>
<msg timestamp="20180907 11:31:36.378" level="INFO">Voltage level: 0.446281648154</msg>
<msg timestamp="20180907 11:31:36.378" level="INFO">Voltage level: 0.450152193458</msg>
<msg timestamp="20180907 11:31:36.378" level="INFO">Voltage level: 0.453055102436</msg>
<msg timestamp="20180907 11:31:36.378" level="INFO">Voltage level: 0.457248193183</msg>
<msg timestamp="20180907 11:31:36.378" level="INFO">Voltage level: 0.460151102161</msg>
<msg timestamp="20180907 11:31:36.378" level="INFO">Voltage level: 0.465311829234</msg>
<msg timestamp="20180907 11:31:36.378" level="INFO">Voltage level: 0.468214738212</msg>
<msg timestamp="20180907 11:31:36.378" level="INFO">Voltage level: 0.47434310161</msg>
<msg timestamp="20180907 11:31:36.378" level="INFO">Voltage level: 0.476600919705</msg>
<msg timestamp="20180907 11:31:36.378" level="INFO">Voltage level: 0.482406737661</msg>
<msg timestamp="20180907 11:31:36.378" level="INFO">Voltage level: 0.48692237385</msg>
<msg timestamp="20180907 11:31:36.378" level="INFO">Voltage level: 0.49176055548</msg>
<msg timestamp="20180907 11:31:36.378" level="INFO">Voltage level: 0.496276191669</msg>
<msg timestamp="20180907 11:31:36.378" level="INFO">Voltage level: 0.501114373299</msg>
<msg timestamp="20180907 11:31:36.378" level="INFO">Voltage level: 0.504662373161</msg>
<msg timestamp="20180907 11:31:36.379" level="INFO">Voltage level: 0.510145645676</msg>
<msg timestamp="20180907 11:31:36.379" level="INFO">Voltage level: 0.51240346377</msg>
<msg timestamp="20180907 11:31:36.379" level="INFO">Voltage level: 0.51562891819</msg>
<msg timestamp="20180907 11:31:36.379" level="INFO">Voltage level: 0.518854372611</msg>
<msg timestamp="20180907 11:31:36.379" level="INFO">Voltage level: 0.524015099683</msg>
<msg timestamp="20180907 11:31:36.379" level="INFO">Voltage level: 0.527240554104</msg>
<msg timestamp="20180907 11:31:36.379" level="INFO">Voltage level: 0.533368917502</msg>
<msg timestamp="20180907 11:31:36.379" level="INFO">Voltage level: 0.536916917365</msg>
<msg timestamp="20180907 11:31:36.379" level="INFO">Voltage level: 0.543045280763</msg>
<msg timestamp="20180907 11:31:36.379" level="INFO">Voltage level: 0.547883462394</msg>
<msg timestamp="20180907 11:31:36.380" level="INFO">Voltage level: 0.554979462118</msg>
<msg timestamp="20180907 11:31:36.380" level="INFO">Voltage level: 0.558850007423</msg>
<msg timestamp="20180907 11:31:36.380" level="INFO">Voltage level: 0.564333279937</msg>
<msg timestamp="20180907 11:31:36.380" level="INFO">Voltage level: 0.567558734358</msg>
<msg timestamp="20180907 11:31:36.380" level="INFO">Voltage level: 0.57271946143</msg>
<msg timestamp="20180907 11:31:36.380" level="INFO">Voltage level: 0.576267461292</msg>
<msg timestamp="20180907 11:31:36.380" level="INFO">Voltage level: 0.581428188365</msg>
<msg timestamp="20180907 11:31:36.380" level="INFO">Voltage level: 0.584653642785</msg>
<msg timestamp="20180907 11:31:36.380" level="INFO">Voltage level: 0.590782006184</msg>
<msg timestamp="20180907 11:31:36.380" level="INFO">Voltage level: 0.59497509693</msg>
<msg timestamp="20180907 11:31:36.380" level="INFO">Voltage level: 0.601426005771</msg>
<msg timestamp="20180907 11:31:36.380" level="INFO">Voltage level: 0.606264187401</msg>
<msg timestamp="20180907 11:31:36.380" level="INFO">Voltage level: 0.6123925508</msg>
<msg timestamp="20180907 11:31:36.380" level="INFO">Voltage level: 0.616585641546</msg>
<msg timestamp="20180907 11:31:36.380" level="INFO">Voltage level: 0.623036550387</msg>
<msg timestamp="20180907 11:31:36.380" level="INFO">Voltage level: 0.626584550249</msg>
<msg timestamp="20180907 11:31:36.380" level="INFO">Voltage level: 0.632390368206</msg>
<msg timestamp="20180907 11:31:36.380" level="INFO">Voltage level: 0.635293277184</msg>
<msg timestamp="20180907 11:31:36.380" level="INFO">Voltage level: 0.640131458815</msg>
<msg timestamp="20180907 11:31:36.380" level="INFO">Voltage level: 0.644324549561</msg>
<msg timestamp="20180907 11:31:36.380" level="INFO">Voltage level: 0.649162731192</msg>
<msg timestamp="20180907 11:31:36.380" level="INFO">Voltage level: 0.651743094728</msg>
<msg timestamp="20180907 11:31:36.380" level="INFO">Voltage level: 0.6569038218</msg>
<msg timestamp="20180907 11:31:36.380" level="INFO">Voltage level: 0.659806730779</msg>
<msg timestamp="20180907 11:31:36.380" level="INFO">Voltage level: 0.663677276083</msg>
<msg timestamp="20180907 11:31:36.380" level="INFO">Voltage level: 0.666902730503</msg>
<msg timestamp="20180907 11:31:36.380" level="INFO">Voltage level: 0.670773275808</msg>
<msg timestamp="20180907 11:31:36.380" level="INFO">Voltage level: 0.673031093902</msg>
<msg timestamp="20180907 11:31:36.380" level="INFO">Voltage level: 0.677869275532</msg>
<msg timestamp="20180907 11:31:36.381" level="INFO">Voltage level: 0.680127093627</msg>
<msg timestamp="20180907 11:31:36.381" level="INFO">Voltage level: 0.683675093489</msg>
<msg timestamp="20180907 11:31:36.381" level="INFO">Voltage level: 0.685932911583</msg>
<msg timestamp="20180907 11:31:36.381" level="INFO">Voltage level: 0.687868184235</msg>
<msg timestamp="20180907 11:31:36.381" level="INFO">Voltage level: 0.690771093214</msg>
<msg timestamp="20180907 11:31:36.381" level="INFO">Voltage level: 0.69496418396</msg>
<msg timestamp="20180907 11:31:36.381" level="INFO">Voltage level: 0.69657691117</msg>
<msg timestamp="20180907 11:31:36.385" level="INFO">Voltage level: 0.700447456475</msg>
<msg timestamp="20180907 11:31:36.385" level="INFO">Voltage level: 0.702382729127</msg>
<msg timestamp="20180907 11:31:36.385" level="INFO">Voltage level: 0.705608183547</msg>
<msg timestamp="20180907 11:31:36.385" level="INFO">Voltage level: 0.708511092525</msg>
<msg timestamp="20180907 11:31:36.385" level="INFO">Voltage level: 0.711091456062</msg>
<msg timestamp="20180907 11:31:36.385" level="INFO">Voltage level: 0.711414001504</msg>
<msg timestamp="20180907 11:31:36.385" level="INFO">Voltage level: 0.71238163783</msg>
<msg timestamp="20180907 11:31:36.385" level="INFO">Voltage level: 0.713026728714</msg>
<msg timestamp="20180907 11:31:36.385" level="INFO">Voltage level: 0.713671819598</msg>
<msg timestamp="20180907 11:31:36.386" level="INFO">Voltage level: 0.71399436504</msg>
<msg timestamp="20180907 11:31:36.386" level="INFO">Voltage level: 0.715284546808</msg>
<msg timestamp="20180907 11:31:36.386" level="INFO">Voltage level: 0.713671819598</msg>
<msg timestamp="20180907 11:31:36.386" level="INFO">Voltage level: 0.715284546808</msg>
<msg timestamp="20180907 11:31:36.386" level="INFO">Voltage level: 0.714962001366</msg>
<msg timestamp="20180907 11:31:36.386" level="INFO">Voltage level: 0.715929637692</msg>
<msg timestamp="20180907 11:31:36.386" level="INFO">Voltage level: 0.71560709225</msg>
<msg timestamp="20180907 11:31:36.386" level="INFO">Voltage level: 0.716252183134</msg>
<msg timestamp="20180907 11:31:36.386" level="INFO">Voltage level: 0.715929637692</msg>
<msg timestamp="20180907 11:31:36.386" level="INFO">Voltage level: 0.71560709225</msg>
<msg timestamp="20180907 11:31:36.386" level="INFO">Voltage level: 0.714639455924</msg>
<msg timestamp="20180907 11:31:36.386" level="INFO">Voltage level: 0.71560709225</msg>
<msg timestamp="20180907 11:31:36.396" level="INFO">Voltage level: 0.714316910482</msg>
<msg timestamp="20180907 11:31:36.397" level="INFO">Voltage level: 0.714316910482</msg>
<msg timestamp="20180907 11:31:36.397" level="INFO">Voltage level: 0.714316910482</msg>
<msg timestamp="20180907 11:31:36.397" level="INFO">Voltage level: 0.713349274156</msg>
<msg timestamp="20180907 11:31:36.397" level="INFO">Voltage level: 0.712704183272</msg>
<msg timestamp="20180907 11:31:36.397" level="INFO">Voltage level: 0.712059092388</msg>
<msg timestamp="20180907 11:31:36.397" level="INFO">Voltage level: 0.70915618341</msg>
<msg timestamp="20180907 11:31:36.397" level="INFO">Voltage level: 0.706575819873</msg>
<msg timestamp="20180907 11:31:36.397" level="INFO">Voltage level: 0.702382729127</msg>
<msg timestamp="20180907 11:31:36.397" level="INFO">Voltage level: 0.698834729264</msg>
<msg timestamp="20180907 11:31:36.397" level="INFO">Voltage level: 0.694319093076</msg>
<msg timestamp="20180907 11:31:36.397" level="INFO">Voltage level: 0.69173872954</msg>
<msg timestamp="20180907 11:31:36.397" level="INFO">Voltage level: 0.687868184235</msg>
<msg timestamp="20180907 11:31:36.397" level="INFO">Voltage level: 0.685932911583</msg>
<msg timestamp="20180907 11:31:36.397" level="INFO">Voltage level: 0.682062366279</msg>
<msg timestamp="20180907 11:31:36.397" level="INFO">Voltage level: 0.679804548185</msg>
<msg timestamp="20180907 11:31:36.397" level="INFO">Voltage level: 0.67593400288</msg>
<msg timestamp="20180907 11:31:36.397" level="INFO">Voltage level: 0.673676184786</msg>
<msg timestamp="20180907 11:31:36.397" level="INFO">Voltage level: 0.66948309404</msg>
<msg timestamp="20180907 11:31:36.397" level="INFO">Voltage level: 0.666580185061</msg>
<msg timestamp="20180907 11:31:36.397" level="INFO">Voltage level: 0.661742003431</msg>
<msg timestamp="20180907 11:31:36.397" level="INFO">Voltage level: 0.658516549011</msg>
<msg timestamp="20180907 11:31:36.397" level="INFO">Voltage level: 0.654000912822</msg>
<msg timestamp="20180907 11:31:36.397" level="INFO">Voltage level: 0.650775458402</msg>
<msg timestamp="20180907 11:31:36.397" level="INFO">Voltage level: 0.644647095003</msg>
<msg timestamp="20180907 11:31:36.397" level="INFO">Voltage level: 0.640454004257</msg>
<msg timestamp="20180907 11:31:36.397" level="INFO">Voltage level: 0.635615822626</msg>
<msg timestamp="20180907 11:31:36.402" level="INFO">${suite_variable_readout} = &lt;_ctypes.array.c_double_Array_1000 object at 0x043e1d10&gt;</msg>
<status status="PASS" starttime="20180907 11:31:36.136" endtime="20180907 11:31:36.402"></status>
</kw>
<kw name="Log" library="BuiltIn">
<doc>Logs the given message with the given level.</doc>
<arguments>
<arg>${suite_variable_readout[0]}</arg>
</arguments>
<msg timestamp="20180907 11:31:36.403" level="INFO">&lt;</msg>
<status status="PASS" starttime="20180907 11:31:36.402" endtime="20180907 11:31:36.403"></status>
</kw>
<status status="PASS" starttime="20180907 11:31:36.135" endtime="20180907 11:31:36.404"></status>
</kw>
<kw name="THEN Check whether the readout is between 3.1 and 2.9 V">
<kw name="Run Keyword If" library="BuiltIn">
<doc>Runs the given keyword with the given arguments, if ``condition`` is true.</doc>
<arguments>
<arg>${SUITE_VARIABLE_READOUT} &lt;= ${upper_limit}</arg>
<arg>and</arg>
<arg>${SUITE_VARIABLE_READOUT} &gt;= ${lower_limit}</arg>
<arg>Pass execution</arg>
<arg>msg=</arg>
<arg>Success!</arg>
<arg>ELSE</arg>
<arg>FAIL</arg>
<arg>msg=</arg>
<arg>I'm sad panda :(</arg>
</arguments>
<msg timestamp="20180907 11:31:36.408" level="FAIL">Evaluating expression ' &lt;= 3.1' failed: SyntaxError: invalid syntax (&lt;string&gt;, line 1)</msg>
<status status="FAIL" starttime="20180907 11:31:36.406" endtime="20180907 11:31:36.408"></status>
</kw>
<status status="FAIL" starttime="20180907 11:31:36.405" endtime="20180907 11:31:36.408"></status>
</kw>
<doc>Measures DUT voltage through the test needle.</doc>
<tags>
<tag>TEST 2</tag>
</tags>
<status status="FAIL" starttime="20180907 11:31:36.133" endtime="20180907 11:31:36.410" critical="yes">Evaluating expression ' &lt;= 3.1' failed: SyntaxError: invalid syntax (&lt;string&gt;, line 1)</status>
</test>
<kw name="Procket Down" library="procketLib" type="teardown">
<doc>Procket powerdown function for Suite Teardown</doc>
<status status="PASS" starttime="20180907 11:31:36.414" endtime="20180907 11:31:36.550"></status>
</kw>
<doc>Procket Rapid tester and Robot Framework integartion demonstration. In this example, the NI USB 6003 DAQ card is used to perform DUT measurements. It also generates reference voltage just for the presentation purposes. The DAQ card is also used to control Rapid interface board (e.g. power control). The DUT is powered from the additional external power supply.</doc>
<status status="FAIL" starttime="20180907 11:31:32.773" endtime="20180907 11:31:36.550"></status>
</suite>
<statistics>
<total>
<stat pass="0" fail="2">Critical Tests</stat>
<stat pass="0" fail="2">All Tests</stat>
</total>
<tag>
<stat pass="0" fail="1">TEST 1</stat>
<stat pass="0" fail="1">TEST 2</stat>
</tag>
<suite>
<stat pass="0" fail="2" id="s1" name="ProcketDemo">ProcketDemo</stat>
</suite>
</statistics>
<errors>
</errors>
</robot>
